<?xml version="1.0" encoding="UTF-8"?>
<testsuite xmlns:xsi="http://www.w3.org/2001/XMLSchema-instance" xsi:noNamespaceSchemaLocation="https://maven.apache.org/surefire/maven-surefire-plugin/xsd/surefire-test-report-3.0.xsd" version="3.0" name="com.example.pawcare.PawcareApplicationTests" time="7.929" tests="1" errors="0" skipped="0" failures="0">
  <properties>
[...]
</properties>
  <testcase name="contextLoads" classname="com.example.pawcare.PawcareApplicationTests" time="0.414">
    <system-out><![CDATA[02:41:25.112 [main] INFO org.springframework.test.context.support.AnnotationConfigContextLoaderUtils -- Could not detect default configuration classes for test class [com.example.pawcare.PawcareApplicationTests]: PawcareApplicationTests does not declare any static, non-private, non-final, nested classes annotated with @Configuration.
02:41:25.226 [main] INFO org.springframework.boot.test.context.SpringBootTestContextBootstrapper -- Found @SpringBootConfiguration com.example.pawcare.PawcareApplication for test class com.example.pawcare.PawcareApplicationTests
02:41:25.386 [main] INFO org.springframework.boot.devtools.restart.RestartApplicationListener -- Restart disabled due to context in which it is running

  .   ____          _            __ _ _
 /\\ / ___'_ __ _ _(_)_ __  __ _ \ \ \ \
( ( )\___ | '_ | '_| | '_ \/ _` | \ \ \ \
 \\/  ___)| |_)| | | | | || (_| |  ) ) ) )
  '  |____| .__|_| |_|_| |_\__, | / / / /
 =========|_|==============|___/=/_/_/_/

 :: Spring Boot ::                (v3.3.2)

2024-10-08T02:41:25.634-05:00  INFO 20080 --- [           main] c.e.pawcare.PawcareApplicationTests      : Starting PawcareApplicationTests using Java 21.0.2 with PID 20080 (started by Andres in C:\Users\quiro\OneDrive\Documentos\PAWCARE-WEB\PAW-CARE-JAVA-REST\PAW CARE)
2024-10-08T02:41:25.636-05:00  INFO 20080 --- [           main] c.e.pawcare.PawcareApplicationTests      : No active profile set, falling back to 1 default profile: "default"
2024-10-08T02:41:26.600-05:00  INFO 20080 --- [           main] .s.d.r.c.RepositoryConfigurationDelegate : Bootstrapping Spring Data JPA repositories in DEFAULT mode.
2024-10-08T02:41:26.670-05:00  INFO 20080 --- [           main] .s.d.r.c.RepositoryConfigurationDelegate : Finished Spring Data repository scanning in 63 ms. Found 6 JPA repository interfaces.
2024-10-08T02:41:27.405-05:00  INFO 20080 --- [           main] o.hibernate.jpa.internal.util.LogHelper  : HHH000204: Processing PersistenceUnitInfo [name: default]
2024-10-08T02:41:27.488-05:00  INFO 20080 --- [           main] org.hibernate.Version                    : HHH000412: Hibernate ORM core version 6.5.2.Final
2024-10-08T02:41:27.525-05:00  INFO 20080 --- [           main] o.h.c.internal.RegionFactoryInitiator    : HHH000026: Second-level cache disabled
2024-10-08T02:41:27.920-05:00  INFO 20080 --- [           main] o.s.o.j.p.SpringPersistenceUnitInfo      : No LoadTimeWeaver setup: ignoring JPA class transformer
2024-10-08T02:41:27.954-05:00  INFO 20080 --- [           main] com.zaxxer.hikari.HikariDataSource       : HikariPool-1 - Starting...
2024-10-08T02:41:28.192-05:00  INFO 20080 --- [           main] com.zaxxer.hikari.pool.HikariPool        : HikariPool-1 - Added connection conn0: url=jdbc:h2:file:./PAW CARE/mydatabase user=SA
2024-10-08T02:41:28.195-05:00  INFO 20080 --- [           main] com.zaxxer.hikari.HikariDataSource       : HikariPool-1 - Start completed.
2024-10-08T02:41:28.218-05:00  WARN 20080 --- [           main] org.hibernate.orm.deprecation            : HHH90000025: H2Dialect does not need to be specified explicitly using 'hibernate.dialect' (remove the property setting and it will be selected by default)
2024-10-08T02:41:29.166-05:00  INFO 20080 --- [           main] o.h.e.t.j.p.i.JtaPlatformInitiator       : HHH000489: No JTA platform available (set 'hibernate.transaction.jta.platform' to enable JTA platform integration)
2024-10-08T02:41:29.182-05:00 DEBUG 20080 --- [           main] org.hibernate.SQL                        : drop table if exists administrador cascade 
2024-10-08T02:41:29.186-05:00 DEBUG 20080 --- [           main] org.hibernate.SQL                        : drop table if exists cliente cascade 
2024-10-08T02:41:29.187-05:00 DEBUG 20080 --- [           main] org.hibernate.SQL                        : drop table if exists droga cascade 
2024-10-08T02:41:29.187-05:00 DEBUG 20080 --- [           main] org.hibernate.SQL                        : drop table if exists mascota cascade 
2024-10-08T02:41:29.187-05:00 DEBUG 20080 --- [           main] org.hibernate.SQL                        : drop table if exists tratamiento cascade 
2024-10-08T02:41:29.187-05:00 DEBUG 20080 --- [           main] org.hibernate.SQL                        : drop table if exists veterinario cascade 
2024-10-08T02:41:29.188-05:00 DEBUG 20080 --- [           main] org.hibernate.SQL                        : drop sequence if exists administrador_seq
2024-10-08T02:41:29.188-05:00 DEBUG 20080 --- [           main] org.hibernate.SQL                        : drop sequence if exists cliente_seq
2024-10-08T02:41:29.188-05:00 DEBUG 20080 --- [           main] org.hibernate.SQL                        : drop sequence if exists droga_seq
2024-10-08T02:41:29.188-05:00 DEBUG 20080 --- [           main] org.hibernate.SQL                        : drop sequence if exists mascota_seq
2024-10-08T02:41:29.188-05:00 DEBUG 20080 --- [           main] org.hibernate.SQL                        : drop sequence if exists tratamiento_seq
2024-10-08T02:41:29.189-05:00 DEBUG 20080 --- [           main] org.hibernate.SQL                        : drop sequence if exists veterinario_seq
2024-10-08T02:41:29.194-05:00 DEBUG 20080 --- [           main] org.hibernate.SQL                        : create sequence administrador_seq start with 1 increment by 50
2024-10-08T02:41:29.196-05:00 DEBUG 20080 --- [           main] org.hibernate.SQL                        : create sequence cliente_seq start with 1 increment by 50
2024-10-08T02:41:29.197-05:00 DEBUG 20080 --- [           main] org.hibernate.SQL                        : create sequence droga_seq start with 1 increment by 50
2024-10-08T02:41:29.197-05:00 DEBUG 20080 --- [           main] org.hibernate.SQL                        : create sequence mascota_seq start with 1 increment by 50
2024-10-08T02:41:29.197-05:00 DEBUG 20080 --- [           main] org.hibernate.SQL                        : create sequence tratamiento_seq start with 1 increment by 50
2024-10-08T02:41:29.198-05:00 DEBUG 20080 --- [           main] org.hibernate.SQL                        : create sequence veterinario_seq start with 1 increment by 50
2024-10-08T02:41:29.201-05:00 DEBUG 20080 --- [           main] org.hibernate.SQL                        : create table administrador (cedula integer not null, id bigint not null, primary key (id))
2024-10-08T02:41:29.206-05:00 DEBUG 20080 --- [           main] org.hibernate.SQL                        : create table cliente (cedula integer not null, celular integer not null, id bigint not null, correo varchar(255), nombre varchar(255), primary key (id))
2024-10-08T02:41:29.207-05:00 DEBUG 20080 --- [           main] org.hibernate.SQL                        : create table droga (precio_compra float(24) not null, precio_venta float(24) not null, unidades_disp integer not null, unidades_vendidas integer not null, id bigint not null, mascota_id bigint, nombre varchar(255), primary key (id))
2024-10-08T02:41:29.208-05:00 DEBUG 20080 --- [           main] org.hibernate.SQL                        : create table mascota (edad integer not null, cliente_id bigint, id bigint not null, tratamiento_id bigint, enfermedad varchar(255), estado varchar(255), imagen varchar(255), nombre varchar(255), peso varchar(255), raza varchar(255), primary key (id))
2024-10-08T02:41:29.209-05:00 DEBUG 20080 --- [           main] org.hibernate.SQL                        : create table tratamiento (droga_id bigint, id bigint not null, veterinario_id bigint, descripcion varchar(255), fecha varchar(255), primary key (id))
2024-10-08T02:41:29.210-05:00 DEBUG 20080 --- [           main] org.hibernate.SQL                        : create table veterinario (cedula integer not null, num_atenciones integer not null, id bigint not null, especialidad varchar(255), imagen varchar(255), nombre varchar(255), primary key (id))
2024-10-08T02:41:29.211-05:00 DEBUG 20080 --- [           main] org.hibernate.SQL                        : alter table if exists droga add constraint FKnxnnw2nqvf3fon6053xjw0nld foreign key (mascota_id) references mascota
2024-10-08T02:41:29.222-05:00 DEBUG 20080 --- [           main] org.hibernate.SQL                        : alter table if exists mascota add constraint FK43ghhb7i1g4240ndbx7m7a6ji foreign key (cliente_id) references cliente
2024-10-08T02:41:29.223-05:00 DEBUG 20080 --- [           main] org.hibernate.SQL                        : alter table if exists mascota add constraint FK5mnxo8ejgdlr8nt3w5sosbe7h foreign key (tratamiento_id) references tratamiento
2024-10-08T02:41:29.225-05:00 DEBUG 20080 --- [           main] org.hibernate.SQL                        : alter table if exists tratamiento add constraint FK1jim3e5ysk065eewm48clsu60 foreign key (droga_id) references droga
2024-10-08T02:41:29.227-05:00 DEBUG 20080 --- [           main] org.hibernate.SQL                        : alter table if exists tratamiento add constraint FK7ghv5c0vgmitanspn5qt2g823 foreign key (veterinario_id) references veterinario
2024-10-08T02:41:29.232-05:00  INFO 20080 --- [           main] j.LocalContainerEntityManagerFactoryBean : Initialized JPA EntityManagerFactory for persistence unit 'default'
2024-10-08T02:41:30.389-05:00  WARN 20080 --- [           main] JpaBaseConfiguration$JpaWebConfiguration : spring.jpa.open-in-view is enabled by default. Therefore, database queries may be performed during view rendering. Explicitly configure spring.jpa.open-in-view to disable this warning
2024-10-08T02:41:30.445-05:00  INFO 20080 --- [           main] o.s.b.a.w.s.WelcomePageHandlerMapping    : Adding welcome page template: index
2024-10-08T02:41:31.623-05:00  INFO 20080 --- [           main] o.s.b.a.h2.H2ConsoleAutoConfiguration    : H2 console available at '/h2'. Database available at 'jdbc:h2:file:./PAW CARE/mydatabase'
2024-10-08T02:41:31.680-05:00  INFO 20080 --- [           main] o.s.b.a.e.web.EndpointLinksResolver      : Exposing 1 endpoint beneath base path '/actuator'
2024-10-08T02:41:31.769-05:00  INFO 20080 --- [           main] c.e.pawcare.PawcareApplicationTests      : Started PawcareApplicationTests in 6.397 seconds (process running for 7.45)
2024-10-08T02:41:31.904-05:00 DEBUG 20080 --- [           main] org.hibernate.SQL                        : select next value for administrador_seq
2024-10-08T02:41:31.946-05:00 DEBUG 20080 --- [           main] org.hibernate.SQL                        : select next value for cliente_seq
2024-10-08T02:41:31.957-05:00 DEBUG 20080 --- [           main] org.hibernate.SQL                        : select next value for cliente_seq
2024-10-08T02:41:31.970-05:00 DEBUG 20080 --- [           main] org.hibernate.SQL                        : select next value for mascota_seq
2024-10-08T02:41:31.971-05:00 DEBUG 20080 --- [           main] org.hibernate.SQL                        : select next value for mascota_seq
2024-10-08T02:41:31.980-05:00 DEBUG 20080 --- [           main] org.hibernate.SQL                        : select next value for mascota_seq
2024-10-08T02:41:31.990-05:00 DEBUG 20080 --- [           main] org.hibernate.SQL                        : select next value for veterinario_seq
2024-10-08T02:41:31.992-05:00 DEBUG 20080 --- [           main] org.hibernate.SQL                        : select next value for veterinario_seq
2024-10-08T02:41:31.995-05:00 DEBUG 20080 --- [           main] org.hibernate.SQL                        : select next value for tratamiento_seq
2024-10-08T02:41:31.997-05:00 DEBUG 20080 --- [           main] org.hibernate.SQL                        : select next value for tratamiento_seq
2024-10-08T02:41:31.998-05:00 DEBUG 20080 --- [           main] org.hibernate.SQL                        : select next value for droga_seq
2024-10-08T02:41:32.094-05:00 DEBUG 20080 --- [           main] org.hibernate.SQL                        : insert into administrador (cedula,id) values (?,?)
2024-10-08T02:41:32.098-05:00 DEBUG 20080 --- [           main] org.hibernate.SQL                        : insert into cliente (cedula,celular,correo,nombre,id) values (?,?,?,?,?)
2024-10-08T02:41:32.099-05:00 DEBUG 20080 --- [           main] org.hibernate.SQL                        : insert into cliente (cedula,celular,correo,nombre,id) values (?,?,?,?,?)
2024-10-08T02:41:32.100-05:00 DEBUG 20080 --- [           main] org.hibernate.SQL                        : insert into cliente (cedula,celular,correo,nombre,id) values (?,?,?,?,?)
2024-10-08T02:41:32.100-05:00 DEBUG 20080 --- [           main] org.hibernate.SQL                        : insert into cliente (cedula,celular,correo,nombre,id) values (?,?,?,?,?)
2024-10-08T02:41:32.101-05:00 DEBUG 20080 --- [           main] org.hibernate.SQL                        : insert into cliente (cedula,celular,correo,nombre,id) values (?,?,?,?,?)
2024-10-08T02:41:32.101-05:00 DEBUG 20080 --- [           main] org.hibernate.SQL                        : insert into cliente (cedula,celular,correo,nombre,id) values (?,?,?,?,?)
2024-10-08T02:41:32.101-05:00 DEBUG 20080 --- [           main] org.hibernate.SQL                        : insert into cliente (cedula,celular,correo,nombre,id) values (?,?,?,?,?)
2024-10-08T02:41:32.101-05:00 DEBUG 20080 --- [           main] org.hibernate.SQL                        : insert into cliente (cedula,celular,correo,nombre,id) values (?,?,?,?,?)
2024-10-08T02:41:32.102-05:00 DEBUG 20080 --- [           main] org.hibernate.SQL                        : insert into cliente (cedula,celular,correo,nombre,id) values (?,?,?,?,?)
2024-10-08T02:41:32.102-05:00 DEBUG 20080 --- [           main] org.hibernate.SQL                        : insert into cliente (cedula,celular,correo,nombre,id) values (?,?,?,?,?)
2024-10-08T02:41:32.102-05:00 DEBUG 20080 --- [           main] org.hibernate.SQL                        : insert into cliente (cedula,celular,correo,nombre,id) values (?,?,?,?,?)
2024-10-08T02:41:32.103-05:00 DEBUG 20080 --- [           main] org.hibernate.SQL                        : insert into cliente (cedula,celular,correo,nombre,id) values (?,?,?,?,?)
2024-10-08T02:41:32.103-05:00 DEBUG 20080 --- [           main] org.hibernate.SQL                        : insert into cliente (cedula,celular,correo,nombre,id) values (?,?,?,?,?)
2024-10-08T02:41:32.103-05:00 DEBUG 20080 --- [           main] org.hibernate.SQL                        : insert into cliente (cedula,celular,correo,nombre,id) values (?,?,?,?,?)
2024-10-08T02:41:32.103-05:00 DEBUG 20080 --- [           main] org.hibernate.SQL                        : insert into cliente (cedula,celular,correo,nombre,id) values (?,?,?,?,?)
2024-10-08T02:41:32.104-05:00 DEBUG 20080 --- [           main] org.hibernate.SQL                        : insert into cliente (cedula,celular,correo,nombre,id) values (?,?,?,?,?)
2024-10-08T02:41:32.104-05:00 DEBUG 20080 --- [           main] org.hibernate.SQL                        : insert into cliente (cedula,celular,correo,nombre,id) values (?,?,?,?,?)
2024-10-08T02:41:32.104-05:00 DEBUG 20080 --- [           main] org.hibernate.SQL                        : insert into cliente (cedula,celular,correo,nombre,id) values (?,?,?,?,?)
2024-10-08T02:41:32.104-05:00 DEBUG 20080 --- [           main] org.hibernate.SQL                        : insert into cliente (cedula,celular,correo,nombre,id) values (?,?,?,?,?)
2024-10-08T02:41:32.105-05:00 DEBUG 20080 --- [           main] org.hibernate.SQL                        : insert into cliente (cedula,celular,correo,nombre,id) values (?,?,?,?,?)
2024-10-08T02:41:32.105-05:00 DEBUG 20080 --- [           main] org.hibernate.SQL                        : insert into cliente (cedula,celular,correo,nombre,id) values (?,?,?,?,?)
2024-10-08T02:41:32.105-05:00 DEBUG 20080 --- [           main] org.hibernate.SQL                        : insert into cliente (cedula,celular,correo,nombre,id) values (?,?,?,?,?)
2024-10-08T02:41:32.105-05:00 DEBUG 20080 --- [           main] org.hibernate.SQL                        : insert into cliente (cedula,celular,correo,nombre,id) values (?,?,?,?,?)
2024-10-08T02:41:32.106-05:00 DEBUG 20080 --- [           main] org.hibernate.SQL                        : insert into cliente (cedula,celular,correo,nombre,id) values (?,?,?,?,?)
2024-10-08T02:41:32.106-05:00 DEBUG 20080 --- [           main] org.hibernate.SQL                        : insert into cliente (cedula,celular,correo,nombre,id) values (?,?,?,?,?)
2024-10-08T02:41:32.106-05:00 DEBUG 20080 --- [           main] org.hibernate.SQL                        : insert into cliente (cedula,celular,correo,nombre,id) values (?,?,?,?,?)
2024-10-08T02:41:32.107-05:00 DEBUG 20080 --- [           main] org.hibernate.SQL                        : insert into cliente (cedula,celular,correo,nombre,id) values (?,?,?,?,?)
2024-10-08T02:41:32.107-05:00 DEBUG 20080 --- [           main] org.hibernate.SQL                        : insert into cliente (cedula,celular,correo,nombre,id) values (?,?,?,?,?)
2024-10-08T02:41:32.107-05:00 DEBUG 20080 --- [           main] org.hibernate.SQL                        : insert into cliente (cedula,celular,correo,nombre,id) values (?,?,?,?,?)
2024-10-08T02:41:32.108-05:00 DEBUG 20080 --- [           main] org.hibernate.SQL                        : insert into cliente (cedula,celular,correo,nombre,id) values (?,?,?,?,?)
2024-10-08T02:41:32.108-05:00 DEBUG 20080 --- [           main] org.hibernate.SQL                        : insert into cliente (cedula,celular,correo,nombre,id) values (?,?,?,?,?)
2024-10-08T02:41:32.108-05:00 DEBUG 20080 --- [           main] org.hibernate.SQL                        : insert into cliente (cedula,celular,correo,nombre,id) values (?,?,?,?,?)
2024-10-08T02:41:32.108-05:00 DEBUG 20080 --- [           main] org.hibernate.SQL                        : insert into cliente (cedula,celular,correo,nombre,id) values (?,?,?,?,?)
2024-10-08T02:41:32.109-05:00 DEBUG 20080 --- [           main] org.hibernate.SQL                        : insert into cliente (cedula,celular,correo,nombre,id) values (?,?,?,?,?)
2024-10-08T02:41:32.109-05:00 DEBUG 20080 --- [           main] org.hibernate.SQL                        : insert into cliente (cedula,celular,correo,nombre,id) values (?,?,?,?,?)
2024-10-08T02:41:32.109-05:00 DEBUG 20080 --- [           main] org.hibernate.SQL                        : insert into cliente (cedula,celular,correo,nombre,id) values (?,?,?,?,?)
2024-10-08T02:41:32.109-05:00 DEBUG 20080 --- [           main] org.hibernate.SQL                        : insert into cliente (cedula,celular,correo,nombre,id) values (?,?,?,?,?)
2024-10-08T02:41:32.109-05:00 DEBUG 20080 --- [           main] org.hibernate.SQL                        : insert into cliente (cedula,celular,correo,nombre,id) values (?,?,?,?,?)
2024-10-08T02:41:32.110-05:00 DEBUG 20080 --- [           main] org.hibernate.SQL                        : insert into cliente (cedula,celular,correo,nombre,id) values (?,?,?,?,?)
2024-10-08T02:41:32.110-05:00 DEBUG 20080 --- [           main] org.hibernate.SQL                        : insert into cliente (cedula,celular,correo,nombre,id) values (?,?,?,?,?)
2024-10-08T02:41:32.110-05:00 DEBUG 20080 --- [           main] org.hibernate.SQL                        : insert into cliente (cedula,celular,correo,nombre,id) values (?,?,?,?,?)
2024-10-08T02:41:32.110-05:00 DEBUG 20080 --- [           main] org.hibernate.SQL                        : insert into cliente (cedula,celular,correo,nombre,id) values (?,?,?,?,?)
2024-10-08T02:41:32.111-05:00 DEBUG 20080 --- [           main] org.hibernate.SQL                        : insert into cliente (cedula,celular,correo,nombre,id) values (?,?,?,?,?)
2024-10-08T02:41:32.111-05:00 DEBUG 20080 --- [           main] org.hibernate.SQL                        : insert into cliente (cedula,celular,correo,nombre,id) values (?,?,?,?,?)
2024-10-08T02:41:32.111-05:00 DEBUG 20080 --- [           main] org.hibernate.SQL                        : insert into cliente (cedula,celular,correo,nombre,id) values (?,?,?,?,?)
2024-10-08T02:41:32.111-05:00 DEBUG 20080 --- [           main] org.hibernate.SQL                        : insert into cliente (cedula,celular,correo,nombre,id) values (?,?,?,?,?)
2024-10-08T02:41:32.112-05:00 DEBUG 20080 --- [           main] org.hibernate.SQL                        : insert into cliente (cedula,celular,correo,nombre,id) values (?,?,?,?,?)
2024-10-08T02:41:32.112-05:00 DEBUG 20080 --- [           main] org.hibernate.SQL                        : insert into cliente (cedula,celular,correo,nombre,id) values (?,?,?,?,?)
2024-10-08T02:41:32.112-05:00 DEBUG 20080 --- [           main] org.hibernate.SQL                        : insert into cliente (cedula,celular,correo,nombre,id) values (?,?,?,?,?)
2024-10-08T02:41:32.112-05:00 DEBUG 20080 --- [           main] org.hibernate.SQL                        : insert into cliente (cedula,celular,correo,nombre,id) values (?,?,?,?,?)
2024-10-08T02:41:32.113-05:00 DEBUG 20080 --- [           main] org.hibernate.SQL                        : insert into mascota (cliente_id,edad,enfermedad,estado,imagen,nombre,peso,raza,tratamiento_id,id) values (?,?,?,?,?,?,?,?,?,?)
2024-10-08T02:41:32.113-05:00 DEBUG 20080 --- [           main] org.hibernate.SQL                        : insert into mascota (cliente_id,edad,enfermedad,estado,imagen,nombre,peso,raza,tratamiento_id,id) values (?,?,?,?,?,?,?,?,?,?)
2024-10-08T02:41:32.114-05:00 DEBUG 20080 --- [           main] org.hibernate.SQL                        : insert into mascota (cliente_id,edad,enfermedad,estado,imagen,nombre,peso,raza,tratamiento_id,id) values (?,?,?,?,?,?,?,?,?,?)
2024-10-08T02:41:32.114-05:00 DEBUG 20080 --- [           main] org.hibernate.SQL                        : insert into mascota (cliente_id,edad,enfermedad,estado,imagen,nombre,peso,raza,tratamiento_id,id) values (?,?,?,?,?,?,?,?,?,?)
2024-10-08T02:41:32.114-05:00 DEBUG 20080 --- [           main] org.hibernate.SQL                        : insert into mascota (cliente_id,edad,enfermedad,estado,imagen,nombre,peso,raza,tratamiento_id,id) values (?,?,?,?,?,?,?,?,?,?)
2024-10-08T02:41:32.115-05:00 DEBUG 20080 --- [           main] org.hibernate.SQL                        : insert into mascota (cliente_id,edad,enfermedad,estado,imagen,nombre,peso,raza,tratamiento_id,id) values (?,?,?,?,?,?,?,?,?,?)
2024-10-08T02:41:32.115-05:00 DEBUG 20080 --- [           main] org.hibernate.SQL                        : insert into mascota (cliente_id,edad,enfermedad,estado,imagen,nombre,peso,raza,tratamiento_id,id) values (?,?,?,?,?,?,?,?,?,?)
2024-10-08T02:41:32.115-05:00 DEBUG 20080 --- [           main] org.hibernate.SQL                        : insert into mascota (cliente_id,edad,enfermedad,estado,imagen,nombre,peso,raza,tratamiento_id,id) values (?,?,?,?,?,?,?,?,?,?)
2024-10-08T02:41:32.116-05:00 DEBUG 20080 --- [           main] org.hibernate.SQL                        : insert into mascota (cliente_id,edad,enfermedad,estado,imagen,nombre,peso,raza,tratamiento_id,id) values (?,?,?,?,?,?,?,?,?,?)
2024-10-08T02:41:32.116-05:00 DEBUG 20080 --- [           main] org.hibernate.SQL                        : insert into mascota (cliente_id,edad,enfermedad,estado,imagen,nombre,peso,raza,tratamiento_id,id) values (?,?,?,?,?,?,?,?,?,?)
2024-10-08T02:41:32.116-05:00 DEBUG 20080 --- [           main] org.hibernate.SQL                        : insert into mascota (cliente_id,edad,enfermedad,estado,imagen,nombre,peso,raza,tratamiento_id,id) values (?,?,?,?,?,?,?,?,?,?)
2024-10-08T02:41:32.117-05:00 DEBUG 20080 --- [           main] org.hibernate.SQL                        : insert into mascota (cliente_id,edad,enfermedad,estado,imagen,nombre,peso,raza,tratamiento_id,id) values (?,?,?,?,?,?,?,?,?,?)
2024-10-08T02:41:32.117-05:00 DEBUG 20080 --- [           main] org.hibernate.SQL                        : insert into mascota (cliente_id,edad,enfermedad,estado,imagen,nombre,peso,raza,tratamiento_id,id) values (?,?,?,?,?,?,?,?,?,?)
2024-10-08T02:41:32.117-05:00 DEBUG 20080 --- [           main] org.hibernate.SQL                        : insert into mascota (cliente_id,edad,enfermedad,estado,imagen,nombre,peso,raza,tratamiento_id,id) values (?,?,?,?,?,?,?,?,?,?)
2024-10-08T02:41:32.118-05:00 DEBUG 20080 --- [           main] org.hibernate.SQL                        : insert into mascota (cliente_id,edad,enfermedad,estado,imagen,nombre,peso,raza,tratamiento_id,id) values (?,?,?,?,?,?,?,?,?,?)
2024-10-08T02:41:32.118-05:00 DEBUG 20080 --- [           main] org.hibernate.SQL                        : insert into mascota (cliente_id,edad,enfermedad,estado,imagen,nombre,peso,raza,tratamiento_id,id) values (?,?,?,?,?,?,?,?,?,?)
2024-10-08T02:41:32.118-05:00 DEBUG 20080 --- [           main] org.hibernate.SQL                        : insert into mascota (cliente_id,edad,enfermedad,estado,imagen,nombre,peso,raza,tratamiento_id,id) values (?,?,?,?,?,?,?,?,?,?)
2024-10-08T02:41:32.119-05:00 DEBUG 20080 --- [           main] org.hibernate.SQL                        : insert into mascota (cliente_id,edad,enfermedad,estado,imagen,nombre,peso,raza,tratamiento_id,id) values (?,?,?,?,?,?,?,?,?,?)
2024-10-08T02:41:32.119-05:00 DEBUG 20080 --- [           main] org.hibernate.SQL                        : insert into mascota (cliente_id,edad,enfermedad,estado,imagen,nombre,peso,raza,tratamiento_id,id) values (?,?,?,?,?,?,?,?,?,?)
2024-10-08T02:41:32.119-05:00 DEBUG 20080 --- [           main] org.hibernate.SQL                        : insert into mascota (cliente_id,edad,enfermedad,estado,imagen,nombre,peso,raza,tratamiento_id,id) values (?,?,?,?,?,?,?,?,?,?)
2024-10-08T02:41:32.120-05:00 DEBUG 20080 --- [           main] org.hibernate.SQL                        : insert into mascota (cliente_id,edad,enfermedad,estado,imagen,nombre,peso,raza,tratamiento_id,id) values (?,?,?,?,?,?,?,?,?,?)
2024-10-08T02:41:32.121-05:00 DEBUG 20080 --- [           main] org.hibernate.SQL                        : insert into mascota (cliente_id,edad,enfermedad,estado,imagen,nombre,peso,raza,tratamiento_id,id) values (?,?,?,?,?,?,?,?,?,?)
2024-10-08T02:41:32.121-05:00 DEBUG 20080 --- [           main] org.hibernate.SQL                        : insert into mascota (cliente_id,edad,enfermedad,estado,imagen,nombre,peso,raza,tratamiento_id,id) values (?,?,?,?,?,?,?,?,?,?)
2024-10-08T02:41:32.121-05:00 DEBUG 20080 --- [           main] org.hibernate.SQL                        : insert into mascota (cliente_id,edad,enfermedad,estado,imagen,nombre,peso,raza,tratamiento_id,id) values (?,?,?,?,?,?,?,?,?,?)
2024-10-08T02:41:32.122-05:00 DEBUG 20080 --- [           main] org.hibernate.SQL                        : insert into mascota (cliente_id,edad,enfermedad,estado,imagen,nombre,peso,raza,tratamiento_id,id) values (?,?,?,?,?,?,?,?,?,?)
2024-10-08T02:41:32.122-05:00 DEBUG 20080 --- [           main] org.hibernate.SQL                        : insert into mascota (cliente_id,edad,enfermedad,estado,imagen,nombre,peso,raza,tratamiento_id,id) values (?,?,?,?,?,?,?,?,?,?)
2024-10-08T02:41:32.123-05:00 DEBUG 20080 --- [           main] org.hibernate.SQL                        : insert into mascota (cliente_id,edad,enfermedad,estado,imagen,nombre,peso,raza,tratamiento_id,id) values (?,?,?,?,?,?,?,?,?,?)
2024-10-08T02:41:32.123-05:00 DEBUG 20080 --- [           main] org.hibernate.SQL                        : insert into mascota (cliente_id,edad,enfermedad,estado,imagen,nombre,peso,raza,tratamiento_id,id) values (?,?,?,?,?,?,?,?,?,?)
2024-10-08T02:41:32.123-05:00 DEBUG 20080 --- [           main] org.hibernate.SQL                        : insert into mascota (cliente_id,edad,enfermedad,estado,imagen,nombre,peso,raza,tratamiento_id,id) values (?,?,?,?,?,?,?,?,?,?)
2024-10-08T02:41:32.124-05:00 DEBUG 20080 --- [           main] org.hibernate.SQL                        : insert into mascota (cliente_id,edad,enfermedad,estado,imagen,nombre,peso,raza,tratamiento_id,id) values (?,?,?,?,?,?,?,?,?,?)
2024-10-08T02:41:32.124-05:00 DEBUG 20080 --- [           main] org.hibernate.SQL                        : insert into mascota (cliente_id,edad,enfermedad,estado,imagen,nombre,peso,raza,tratamiento_id,id) values (?,?,?,?,?,?,?,?,?,?)
2024-10-08T02:41:32.124-05:00 DEBUG 20080 --- [           main] org.hibernate.SQL                        : insert into mascota (cliente_id,edad,enfermedad,estado,imagen,nombre,peso,raza,tratamiento_id,id) values (?,?,?,?,?,?,?,?,?,?)
2024-10-08T02:41:32.125-05:00 DEBUG 20080 --- [           main] org.hibernate.SQL                        : insert into mascota (cliente_id,edad,enfermedad,estado,imagen,nombre,peso,raza,tratamiento_id,id) values (?,?,?,?,?,?,?,?,?,?)
2024-10-08T02:41:32.125-05:00 DEBUG 20080 --- [           main] org.hibernate.SQL                        : insert into mascota (cliente_id,edad,enfermedad,estado,imagen,nombre,peso,raza,tratamiento_id,id) values (?,?,?,?,?,?,?,?,?,?)
2024-10-08T02:41:32.126-05:00 DEBUG 20080 --- [           main] org.hibernate.SQL                        : insert into mascota (cliente_id,edad,enfermedad,estado,imagen,nombre,peso,raza,tratamiento_id,id) values (?,?,?,?,?,?,?,?,?,?)
2024-10-08T02:41:32.126-05:00 DEBUG 20080 --- [           main] org.hibernate.SQL                        : insert into mascota (cliente_id,edad,enfermedad,estado,imagen,nombre,peso,raza,tratamiento_id,id) values (?,?,?,?,?,?,?,?,?,?)
2024-10-08T02:41:32.126-05:00 DEBUG 20080 --- [           main] org.hibernate.SQL                        : insert into mascota (cliente_id,edad,enfermedad,estado,imagen,nombre,peso,raza,tratamiento_id,id) values (?,?,?,?,?,?,?,?,?,?)
2024-10-08T02:41:32.127-05:00 DEBUG 20080 --- [           main] org.hibernate.SQL                        : insert into mascota (cliente_id,edad,enfermedad,estado,imagen,nombre,peso,raza,tratamiento_id,id) values (?,?,?,?,?,?,?,?,?,?)
2024-10-08T02:41:32.127-05:00 DEBUG 20080 --- [           main] org.hibernate.SQL                        : insert into mascota (cliente_id,edad,enfermedad,estado,imagen,nombre,peso,raza,tratamiento_id,id) values (?,?,?,?,?,?,?,?,?,?)
2024-10-08T02:41:32.127-05:00 DEBUG 20080 --- [           main] org.hibernate.SQL                        : insert into mascota (cliente_id,edad,enfermedad,estado,imagen,nombre,peso,raza,tratamiento_id,id) values (?,?,?,?,?,?,?,?,?,?)
2024-10-08T02:41:32.127-05:00 DEBUG 20080 --- [           main] org.hibernate.SQL                        : insert into mascota (cliente_id,edad,enfermedad,estado,imagen,nombre,peso,raza,tratamiento_id,id) values (?,?,?,?,?,?,?,?,?,?)
2024-10-08T02:41:32.127-05:00 DEBUG 20080 --- [           main] org.hibernate.SQL                        : insert into mascota (cliente_id,edad,enfermedad,estado,imagen,nombre,peso,raza,tratamiento_id,id) values (?,?,?,?,?,?,?,?,?,?)
2024-10-08T02:41:32.128-05:00 DEBUG 20080 --- [           main] org.hibernate.SQL                        : insert into mascota (cliente_id,edad,enfermedad,estado,imagen,nombre,peso,raza,tratamiento_id,id) values (?,?,?,?,?,?,?,?,?,?)
2024-10-08T02:41:32.128-05:00 DEBUG 20080 --- [           main] org.hibernate.SQL                        : insert into mascota (cliente_id,edad,enfermedad,estado,imagen,nombre,peso,raza,tratamiento_id,id) values (?,?,?,?,?,?,?,?,?,?)
2024-10-08T02:41:32.128-05:00 DEBUG 20080 --- [           main] org.hibernate.SQL                        : insert into mascota (cliente_id,edad,enfermedad,estado,imagen,nombre,peso,raza,tratamiento_id,id) values (?,?,?,?,?,?,?,?,?,?)
2024-10-08T02:41:32.129-05:00 DEBUG 20080 --- [           main] org.hibernate.SQL                        : insert into mascota (cliente_id,edad,enfermedad,estado,imagen,nombre,peso,raza,tratamiento_id,id) values (?,?,?,?,?,?,?,?,?,?)
2024-10-08T02:41:32.129-05:00 DEBUG 20080 --- [           main] org.hibernate.SQL                        : insert into mascota (cliente_id,edad,enfermedad,estado,imagen,nombre,peso,raza,tratamiento_id,id) values (?,?,?,?,?,?,?,?,?,?)
2024-10-08T02:41:32.129-05:00 DEBUG 20080 --- [           main] org.hibernate.SQL                        : insert into mascota (cliente_id,edad,enfermedad,estado,imagen,nombre,peso,raza,tratamiento_id,id) values (?,?,?,?,?,?,?,?,?,?)
2024-10-08T02:41:32.129-05:00 DEBUG 20080 --- [           main] org.hibernate.SQL                        : insert into mascota (cliente_id,edad,enfermedad,estado,imagen,nombre,peso,raza,tratamiento_id,id) values (?,?,?,?,?,?,?,?,?,?)
2024-10-08T02:41:32.130-05:00 DEBUG 20080 --- [           main] org.hibernate.SQL                        : insert into mascota (cliente_id,edad,enfermedad,estado,imagen,nombre,peso,raza,tratamiento_id,id) values (?,?,?,?,?,?,?,?,?,?)
2024-10-08T02:41:32.130-05:00 DEBUG 20080 --- [           main] org.hibernate.SQL                        : insert into mascota (cliente_id,edad,enfermedad,estado,imagen,nombre,peso,raza,tratamiento_id,id) values (?,?,?,?,?,?,?,?,?,?)
2024-10-08T02:41:32.131-05:00 DEBUG 20080 --- [           main] org.hibernate.SQL                        : insert into mascota (cliente_id,edad,enfermedad,estado,imagen,nombre,peso,raza,tratamiento_id,id) values (?,?,?,?,?,?,?,?,?,?)
2024-10-08T02:41:32.131-05:00 DEBUG 20080 --- [           main] org.hibernate.SQL                        : insert into mascota (cliente_id,edad,enfermedad,estado,imagen,nombre,peso,raza,tratamiento_id,id) values (?,?,?,?,?,?,?,?,?,?)
2024-10-08T02:41:32.131-05:00 DEBUG 20080 --- [           main] org.hibernate.SQL                        : insert into mascota (cliente_id,edad,enfermedad,estado,imagen,nombre,peso,raza,tratamiento_id,id) values (?,?,?,?,?,?,?,?,?,?)
2024-10-08T02:41:32.132-05:00 DEBUG 20080 --- [           main] org.hibernate.SQL                        : insert into mascota (cliente_id,edad,enfermedad,estado,imagen,nombre,peso,raza,tratamiento_id,id) values (?,?,?,?,?,?,?,?,?,?)
2024-10-08T02:41:32.132-05:00 DEBUG 20080 --- [           main] org.hibernate.SQL                        : insert into mascota (cliente_id,edad,enfermedad,estado,imagen,nombre,peso,raza,tratamiento_id,id) values (?,?,?,?,?,?,?,?,?,?)
2024-10-08T02:41:32.132-05:00 DEBUG 20080 --- [           main] org.hibernate.SQL                        : insert into mascota (cliente_id,edad,enfermedad,estado,imagen,nombre,peso,raza,tratamiento_id,id) values (?,?,?,?,?,?,?,?,?,?)
2024-10-08T02:41:32.133-05:00 DEBUG 20080 --- [           main] org.hibernate.SQL                        : insert into mascota (cliente_id,edad,enfermedad,estado,imagen,nombre,peso,raza,tratamiento_id,id) values (?,?,?,?,?,?,?,?,?,?)
2024-10-08T02:41:32.133-05:00 DEBUG 20080 --- [           main] org.hibernate.SQL                        : insert into mascota (cliente_id,edad,enfermedad,estado,imagen,nombre,peso,raza,tratamiento_id,id) values (?,?,?,?,?,?,?,?,?,?)
2024-10-08T02:41:32.134-05:00 DEBUG 20080 --- [           main] org.hibernate.SQL                        : insert into mascota (cliente_id,edad,enfermedad,estado,imagen,nombre,peso,raza,tratamiento_id,id) values (?,?,?,?,?,?,?,?,?,?)
2024-10-08T02:41:32.134-05:00 DEBUG 20080 --- [           main] org.hibernate.SQL                        : insert into mascota (cliente_id,edad,enfermedad,estado,imagen,nombre,peso,raza,tratamiento_id,id) values (?,?,?,?,?,?,?,?,?,?)
2024-10-08T02:41:32.134-05:00 DEBUG 20080 --- [           main] org.hibernate.SQL                        : insert into mascota (cliente_id,edad,enfermedad,estado,imagen,nombre,peso,raza,tratamiento_id,id) values (?,?,?,?,?,?,?,?,?,?)
2024-10-08T02:41:32.134-05:00 DEBUG 20080 --- [           main] org.hibernate.SQL                        : insert into mascota (cliente_id,edad,enfermedad,estado,imagen,nombre,peso,raza,tratamiento_id,id) values (?,?,?,?,?,?,?,?,?,?)
2024-10-08T02:41:32.135-05:00 DEBUG 20080 --- [           main] org.hibernate.SQL                        : insert into mascota (cliente_id,edad,enfermedad,estado,imagen,nombre,peso,raza,tratamiento_id,id) values (?,?,?,?,?,?,?,?,?,?)
2024-10-08T02:41:32.135-05:00 DEBUG 20080 --- [           main] org.hibernate.SQL                        : insert into mascota (cliente_id,edad,enfermedad,estado,imagen,nombre,peso,raza,tratamiento_id,id) values (?,?,?,?,?,?,?,?,?,?)
2024-10-08T02:41:32.135-05:00 DEBUG 20080 --- [           main] org.hibernate.SQL                        : insert into mascota (cliente_id,edad,enfermedad,estado,imagen,nombre,peso,raza,tratamiento_id,id) values (?,?,?,?,?,?,?,?,?,?)
2024-10-08T02:41:32.136-05:00 DEBUG 20080 --- [           main] org.hibernate.SQL                        : insert into mascota (cliente_id,edad,enfermedad,estado,imagen,nombre,peso,raza,tratamiento_id,id) values (?,?,?,?,?,?,?,?,?,?)
2024-10-08T02:41:32.136-05:00 DEBUG 20080 --- [           main] org.hibernate.SQL                        : insert into mascota (cliente_id,edad,enfermedad,estado,imagen,nombre,peso,raza,tratamiento_id,id) values (?,?,?,?,?,?,?,?,?,?)
2024-10-08T02:41:32.136-05:00 DEBUG 20080 --- [           main] org.hibernate.SQL                        : insert into mascota (cliente_id,edad,enfermedad,estado,imagen,nombre,peso,raza,tratamiento_id,id) values (?,?,?,?,?,?,?,?,?,?)
2024-10-08T02:41:32.136-05:00 DEBUG 20080 --- [           main] org.hibernate.SQL                        : insert into mascota (cliente_id,edad,enfermedad,estado,imagen,nombre,peso,raza,tratamiento_id,id) values (?,?,?,?,?,?,?,?,?,?)
2024-10-08T02:41:32.137-05:00 DEBUG 20080 --- [           main] org.hibernate.SQL                        : insert into mascota (cliente_id,edad,enfermedad,estado,imagen,nombre,peso,raza,tratamiento_id,id) values (?,?,?,?,?,?,?,?,?,?)
2024-10-08T02:41:32.137-05:00 DEBUG 20080 --- [           main] org.hibernate.SQL                        : insert into mascota (cliente_id,edad,enfermedad,estado,imagen,nombre,peso,raza,tratamiento_id,id) values (?,?,?,?,?,?,?,?,?,?)
2024-10-08T02:41:32.137-05:00 DEBUG 20080 --- [           main] org.hibernate.SQL                        : insert into mascota (cliente_id,edad,enfermedad,estado,imagen,nombre,peso,raza,tratamiento_id,id) values (?,?,?,?,?,?,?,?,?,?)
2024-10-08T02:41:32.138-05:00 DEBUG 20080 --- [           main] org.hibernate.SQL                        : insert into mascota (cliente_id,edad,enfermedad,estado,imagen,nombre,peso,raza,tratamiento_id,id) values (?,?,?,?,?,?,?,?,?,?)
2024-10-08T02:41:32.138-05:00 DEBUG 20080 --- [           main] org.hibernate.SQL                        : insert into mascota (cliente_id,edad,enfermedad,estado,imagen,nombre,peso,raza,tratamiento_id,id) values (?,?,?,?,?,?,?,?,?,?)
2024-10-08T02:41:32.138-05:00 DEBUG 20080 --- [           main] org.hibernate.SQL                        : insert into mascota (cliente_id,edad,enfermedad,estado,imagen,nombre,peso,raza,tratamiento_id,id) values (?,?,?,?,?,?,?,?,?,?)
2024-10-08T02:41:32.138-05:00 DEBUG 20080 --- [           main] org.hibernate.SQL                        : insert into mascota (cliente_id,edad,enfermedad,estado,imagen,nombre,peso,raza,tratamiento_id,id) values (?,?,?,?,?,?,?,?,?,?)
2024-10-08T02:41:32.139-05:00 DEBUG 20080 --- [           main] org.hibernate.SQL                        : insert into mascota (cliente_id,edad,enfermedad,estado,imagen,nombre,peso,raza,tratamiento_id,id) values (?,?,?,?,?,?,?,?,?,?)
2024-10-08T02:41:32.139-05:00 DEBUG 20080 --- [           main] org.hibernate.SQL                        : insert into mascota (cliente_id,edad,enfermedad,estado,imagen,nombre,peso,raza,tratamiento_id,id) values (?,?,?,?,?,?,?,?,?,?)
2024-10-08T02:41:32.140-05:00 DEBUG 20080 --- [           main] org.hibernate.SQL                        : insert into mascota (cliente_id,edad,enfermedad,estado,imagen,nombre,peso,raza,tratamiento_id,id) values (?,?,?,?,?,?,?,?,?,?)
2024-10-08T02:41:32.140-05:00 DEBUG 20080 --- [           main] org.hibernate.SQL                        : insert into mascota (cliente_id,edad,enfermedad,estado,imagen,nombre,peso,raza,tratamiento_id,id) values (?,?,?,?,?,?,?,?,?,?)
2024-10-08T02:41:32.140-05:00 DEBUG 20080 --- [           main] org.hibernate.SQL                        : insert into mascota (cliente_id,edad,enfermedad,estado,imagen,nombre,peso,raza,tratamiento_id,id) values (?,?,?,?,?,?,?,?,?,?)
2024-10-08T02:41:32.140-05:00 DEBUG 20080 --- [           main] org.hibernate.SQL                        : insert into mascota (cliente_id,edad,enfermedad,estado,imagen,nombre,peso,raza,tratamiento_id,id) values (?,?,?,?,?,?,?,?,?,?)
2024-10-08T02:41:32.141-05:00 DEBUG 20080 --- [           main] org.hibernate.SQL                        : insert into mascota (cliente_id,edad,enfermedad,estado,imagen,nombre,peso,raza,tratamiento_id,id) values (?,?,?,?,?,?,?,?,?,?)
2024-10-08T02:41:32.141-05:00 DEBUG 20080 --- [           main] org.hibernate.SQL                        : insert into mascota (cliente_id,edad,enfermedad,estado,imagen,nombre,peso,raza,tratamiento_id,id) values (?,?,?,?,?,?,?,?,?,?)
2024-10-08T02:41:32.141-05:00 DEBUG 20080 --- [           main] org.hibernate.SQL                        : insert into mascota (cliente_id,edad,enfermedad,estado,imagen,nombre,peso,raza,tratamiento_id,id) values (?,?,?,?,?,?,?,?,?,?)
2024-10-08T02:41:32.141-05:00 DEBUG 20080 --- [           main] org.hibernate.SQL                        : insert into mascota (cliente_id,edad,enfermedad,estado,imagen,nombre,peso,raza,tratamiento_id,id) values (?,?,?,?,?,?,?,?,?,?)
2024-10-08T02:41:32.141-05:00 DEBUG 20080 --- [           main] org.hibernate.SQL                        : insert into mascota (cliente_id,edad,enfermedad,estado,imagen,nombre,peso,raza,tratamiento_id,id) values (?,?,?,?,?,?,?,?,?,?)
2024-10-08T02:41:32.142-05:00 DEBUG 20080 --- [           main] org.hibernate.SQL                        : insert into mascota (cliente_id,edad,enfermedad,estado,imagen,nombre,peso,raza,tratamiento_id,id) values (?,?,?,?,?,?,?,?,?,?)
2024-10-08T02:41:32.142-05:00 DEBUG 20080 --- [           main] org.hibernate.SQL                        : insert into mascota (cliente_id,edad,enfermedad,estado,imagen,nombre,peso,raza,tratamiento_id,id) values (?,?,?,?,?,?,?,?,?,?)
2024-10-08T02:41:32.142-05:00 DEBUG 20080 --- [           main] org.hibernate.SQL                        : insert into mascota (cliente_id,edad,enfermedad,estado,imagen,nombre,peso,raza,tratamiento_id,id) values (?,?,?,?,?,?,?,?,?,?)
2024-10-08T02:41:32.142-05:00 DEBUG 20080 --- [           main] org.hibernate.SQL                        : insert into mascota (cliente_id,edad,enfermedad,estado,imagen,nombre,peso,raza,tratamiento_id,id) values (?,?,?,?,?,?,?,?,?,?)
2024-10-08T02:41:32.142-05:00 DEBUG 20080 --- [           main] org.hibernate.SQL                        : insert into mascota (cliente_id,edad,enfermedad,estado,imagen,nombre,peso,raza,tratamiento_id,id) values (?,?,?,?,?,?,?,?,?,?)
2024-10-08T02:41:32.142-05:00 DEBUG 20080 --- [           main] org.hibernate.SQL                        : insert into mascota (cliente_id,edad,enfermedad,estado,imagen,nombre,peso,raza,tratamiento_id,id) values (?,?,?,?,?,?,?,?,?,?)
2024-10-08T02:41:32.143-05:00 DEBUG 20080 --- [           main] org.hibernate.SQL                        : insert into mascota (cliente_id,edad,enfermedad,estado,imagen,nombre,peso,raza,tratamiento_id,id) values (?,?,?,?,?,?,?,?,?,?)
2024-10-08T02:41:32.143-05:00 DEBUG 20080 --- [           main] org.hibernate.SQL                        : insert into mascota (cliente_id,edad,enfermedad,estado,imagen,nombre,peso,raza,tratamiento_id,id) values (?,?,?,?,?,?,?,?,?,?)
2024-10-08T02:41:32.143-05:00 DEBUG 20080 --- [           main] org.hibernate.SQL                        : insert into mascota (cliente_id,edad,enfermedad,estado,imagen,nombre,peso,raza,tratamiento_id,id) values (?,?,?,?,?,?,?,?,?,?)
2024-10-08T02:41:32.143-05:00 DEBUG 20080 --- [           main] org.hibernate.SQL                        : insert into mascota (cliente_id,edad,enfermedad,estado,imagen,nombre,peso,raza,tratamiento_id,id) values (?,?,?,?,?,?,?,?,?,?)
2024-10-08T02:41:32.144-05:00 DEBUG 20080 --- [           main] org.hibernate.SQL                        : insert into mascota (cliente_id,edad,enfermedad,estado,imagen,nombre,peso,raza,tratamiento_id,id) values (?,?,?,?,?,?,?,?,?,?)
2024-10-08T02:41:32.144-05:00 DEBUG 20080 --- [           main] org.hibernate.SQL                        : insert into mascota (cliente_id,edad,enfermedad,estado,imagen,nombre,peso,raza,tratamiento_id,id) values (?,?,?,?,?,?,?,?,?,?)
2024-10-08T02:41:32.144-05:00 DEBUG 20080 --- [           main] org.hibernate.SQL                        : insert into veterinario (cedula,especialidad,imagen,nombre,num_atenciones,id) values (?,?,?,?,?,?)
2024-10-08T02:41:32.144-05:00 DEBUG 20080 --- [           main] org.hibernate.SQL                        : insert into veterinario (cedula,especialidad,imagen,nombre,num_atenciones,id) values (?,?,?,?,?,?)
2024-10-08T02:41:32.145-05:00 DEBUG 20080 --- [           main] org.hibernate.SQL                        : insert into veterinario (cedula,especialidad,imagen,nombre,num_atenciones,id) values (?,?,?,?,?,?)
2024-10-08T02:41:32.145-05:00 DEBUG 20080 --- [           main] org.hibernate.SQL                        : insert into veterinario (cedula,especialidad,imagen,nombre,num_atenciones,id) values (?,?,?,?,?,?)
2024-10-08T02:41:32.145-05:00 DEBUG 20080 --- [           main] org.hibernate.SQL                        : insert into veterinario (cedula,especialidad,imagen,nombre,num_atenciones,id) values (?,?,?,?,?,?)
2024-10-08T02:41:32.145-05:00 DEBUG 20080 --- [           main] org.hibernate.SQL                        : insert into veterinario (cedula,especialidad,imagen,nombre,num_atenciones,id) values (?,?,?,?,?,?)
2024-10-08T02:41:32.145-05:00 DEBUG 20080 --- [           main] org.hibernate.SQL                        : insert into veterinario (cedula,especialidad,imagen,nombre,num_atenciones,id) values (?,?,?,?,?,?)
2024-10-08T02:41:32.145-05:00 DEBUG 20080 --- [           main] org.hibernate.SQL                        : insert into veterinario (cedula,especialidad,imagen,nombre,num_atenciones,id) values (?,?,?,?,?,?)
2024-10-08T02:41:32.146-05:00 DEBUG 20080 --- [           main] org.hibernate.SQL                        : insert into veterinario (cedula,especialidad,imagen,nombre,num_atenciones,id) values (?,?,?,?,?,?)
2024-10-08T02:41:32.146-05:00 DEBUG 20080 --- [           main] org.hibernate.SQL                        : insert into veterinario (cedula,especialidad,imagen,nombre,num_atenciones,id) values (?,?,?,?,?,?)
2024-10-08T02:41:32.146-05:00 DEBUG 20080 --- [           main] org.hibernate.SQL                        : insert into veterinario (cedula,especialidad,imagen,nombre,num_atenciones,id) values (?,?,?,?,?,?)
2024-10-08T02:41:32.146-05:00 DEBUG 20080 --- [           main] org.hibernate.SQL                        : insert into veterinario (cedula,especialidad,imagen,nombre,num_atenciones,id) values (?,?,?,?,?,?)
2024-10-08T02:41:32.146-05:00 DEBUG 20080 --- [           main] org.hibernate.SQL                        : insert into veterinario (cedula,especialidad,imagen,nombre,num_atenciones,id) values (?,?,?,?,?,?)
2024-10-08T02:41:32.146-05:00 DEBUG 20080 --- [           main] org.hibernate.SQL                        : insert into veterinario (cedula,especialidad,imagen,nombre,num_atenciones,id) values (?,?,?,?,?,?)
2024-10-08T02:41:32.146-05:00 DEBUG 20080 --- [           main] org.hibernate.SQL                        : insert into veterinario (cedula,especialidad,imagen,nombre,num_atenciones,id) values (?,?,?,?,?,?)
2024-10-08T02:41:32.147-05:00 DEBUG 20080 --- [           main] org.hibernate.SQL                        : insert into veterinario (cedula,especialidad,imagen,nombre,num_atenciones,id) values (?,?,?,?,?,?)
2024-10-08T02:41:32.147-05:00 DEBUG 20080 --- [           main] org.hibernate.SQL                        : insert into veterinario (cedula,especialidad,imagen,nombre,num_atenciones,id) values (?,?,?,?,?,?)
2024-10-08T02:41:32.147-05:00 DEBUG 20080 --- [           main] org.hibernate.SQL                        : insert into veterinario (cedula,especialidad,imagen,nombre,num_atenciones,id) values (?,?,?,?,?,?)
2024-10-08T02:41:32.147-05:00 DEBUG 20080 --- [           main] org.hibernate.SQL                        : insert into veterinario (cedula,especialidad,imagen,nombre,num_atenciones,id) values (?,?,?,?,?,?)
2024-10-08T02:41:32.147-05:00 DEBUG 20080 --- [           main] org.hibernate.SQL                        : insert into veterinario (cedula,especialidad,imagen,nombre,num_atenciones,id) values (?,?,?,?,?,?)
2024-10-08T02:41:32.147-05:00 DEBUG 20080 --- [           main] org.hibernate.SQL                        : insert into tratamiento (descripcion,droga_id,fecha,veterinario_id,id) values (?,?,?,?,?)
2024-10-08T02:41:32.147-05:00 DEBUG 20080 --- [           main] org.hibernate.SQL                        : insert into tratamiento (descripcion,droga_id,fecha,veterinario_id,id) values (?,?,?,?,?)
2024-10-08T02:41:32.148-05:00 DEBUG 20080 --- [           main] org.hibernate.SQL                        : insert into tratamiento (descripcion,droga_id,fecha,veterinario_id,id) values (?,?,?,?,?)
2024-10-08T02:41:32.148-05:00 DEBUG 20080 --- [           main] org.hibernate.SQL                        : insert into tratamiento (descripcion,droga_id,fecha,veterinario_id,id) values (?,?,?,?,?)
2024-10-08T02:41:32.148-05:00 DEBUG 20080 --- [           main] org.hibernate.SQL                        : insert into tratamiento (descripcion,droga_id,fecha,veterinario_id,id) values (?,?,?,?,?)
2024-10-08T02:41:32.148-05:00 DEBUG 20080 --- [           main] org.hibernate.SQL                        : insert into tratamiento (descripcion,droga_id,fecha,veterinario_id,id) values (?,?,?,?,?)
2024-10-08T02:41:32.148-05:00 DEBUG 20080 --- [           main] org.hibernate.SQL                        : insert into tratamiento (descripcion,droga_id,fecha,veterinario_id,id) values (?,?,?,?,?)
2024-10-08T02:41:32.149-05:00 DEBUG 20080 --- [           main] org.hibernate.SQL                        : insert into tratamiento (descripcion,droga_id,fecha,veterinario_id,id) values (?,?,?,?,?)
2024-10-08T02:41:32.149-05:00 DEBUG 20080 --- [           main] org.hibernate.SQL                        : insert into tratamiento (descripcion,droga_id,fecha,veterinario_id,id) values (?,?,?,?,?)
2024-10-08T02:41:32.149-05:00 DEBUG 20080 --- [           main] org.hibernate.SQL                        : insert into tratamiento (descripcion,droga_id,fecha,veterinario_id,id) values (?,?,?,?,?)
2024-10-08T02:41:32.149-05:00 DEBUG 20080 --- [           main] org.hibernate.SQL                        : insert into droga (mascota_id,nombre,precio_compra,precio_venta,unidades_disp,unidades_vendidas,id) values (?,?,?,?,?,?,?)
2024-10-08T02:41:32.177-05:00 DEBUG 20080 --- [           main] org.hibernate.SQL                        : select t1_0.id,t1_0.descripcion,t1_0.droga_id,t1_0.fecha,t1_0.veterinario_id from tratamiento t1_0
NUMERO RANDOM: 5DE: 1
SEARCH: 5
NUMERO RANDOM: 17DE: 2
SEARCH: 17
NUMERO RANDOM: 9DE: 3
SEARCH: 9
NUMERO RANDOM: 6DE: 4
SEARCH: 6
NUMERO RANDOM: 15DE: 5
SEARCH: 15
NUMERO RANDOM: 3DE: 6
SEARCH: 3
NUMERO RANDOM: 10DE: 7
SEARCH: 10
NUMERO RANDOM: 11DE: 8
SEARCH: 11
NUMERO RANDOM: 14DE: 9
SEARCH: 14
NUMERO RANDOM: 14DE: 10
SEARCH: 14
2024-10-08T02:41:32.199-05:00 DEBUG 20080 --- [           main] org.hibernate.SQL                        : select m1_0.id,m1_0.cliente_id,m1_0.edad,m1_0.enfermedad,m1_0.estado,m1_0.imagen,m1_0.nombre,m1_0.peso,m1_0.raza,m1_0.tratamiento_id from mascota m1_0
NUMERO RANDOM: 8DE: 1
SEARCH: 8
NUMERO RANDOM: 1DE: 2
SEARCH: 1
NUMERO RANDOM: 10DE: 3
SEARCH: 10
NUMERO RANDOM: 1DE: 4
SEARCH: 1
NUMERO RANDOM: 6DE: 5
SEARCH: 6
NUMERO RANDOM: 4DE: 6
SEARCH: 4
NUMERO RANDOM: 1DE: 7
SEARCH: 1
NUMERO RANDOM: 8DE: 8
SEARCH: 8
NUMERO RANDOM: 7DE: 9
SEARCH: 7
NUMERO RANDOM: 2DE: 10
SEARCH: 2
NUMERO RANDOM: 10DE: 11
SEARCH: 10
NUMERO RANDOM: 9DE: 12
SEARCH: 9
NUMERO RANDOM: 8DE: 13
SEARCH: 8
NUMERO RANDOM: 4DE: 14
SEARCH: 4
NUMERO RANDOM: 9DE: 15
SEARCH: 9
NUMERO RANDOM: 5DE: 16
SEARCH: 5
NUMERO RANDOM: 8DE: 17
SEARCH: 8
NUMERO RANDOM: 1DE: 18
SEARCH: 1
NUMERO RANDOM: 2DE: 19
SEARCH: 2
NUMERO RANDOM: 6DE: 20
SEARCH: 6
NUMERO RANDOM: 4DE: 21
SEARCH: 4
NUMERO RANDOM: 9DE: 22
SEARCH: 9
NUMERO RANDOM: 5DE: 23
SEARCH: 5
NUMERO RANDOM: 6DE: 24
SEARCH: 6
NUMERO RANDOM: 2DE: 25
SEARCH: 2
NUMERO RANDOM: 6DE: 26
SEARCH: 6
NUMERO RANDOM: 6DE: 27
SEARCH: 6
NUMERO RANDOM: 9DE: 28
SEARCH: 9
NUMERO RANDOM: 10DE: 29
SEARCH: 10
NUMERO RANDOM: 7DE: 30
SEARCH: 7
NUMERO RANDOM: 6DE: 31
SEARCH: 6
NUMERO RANDOM: 10DE: 32
SEARCH: 10
NUMERO RANDOM: 10DE: 33
SEARCH: 10
NUMERO RANDOM: 4DE: 34
SEARCH: 4
NUMERO RANDOM: 1DE: 35
SEARCH: 1
NUMERO RANDOM: 3DE: 36
SEARCH: 3
NUMERO RANDOM: 10DE: 37
SEARCH: 10
NUMERO RANDOM: 4DE: 38
SEARCH: 4
NUMERO RANDOM: 6DE: 39
SEARCH: 6
NUMERO RANDOM: 5DE: 40
SEARCH: 5
NUMERO RANDOM: 5DE: 41
SEARCH: 5
NUMERO RANDOM: 3DE: 42
SEARCH: 3
NUMERO RANDOM: 6DE: 43
SEARCH: 6
NUMERO RANDOM: 7DE: 44
SEARCH: 7
NUMERO RANDOM: 3DE: 45
SEARCH: 3
NUMERO RANDOM: 8DE: 46
SEARCH: 8
NUMERO RANDOM: 7DE: 47
SEARCH: 7
NUMERO RANDOM: 3DE: 48
SEARCH: 3
NUMERO RANDOM: 2DE: 49
SEARCH: 2
NUMERO RANDOM: 3DE: 50
SEARCH: 3
NUMERO RANDOM: 5DE: 51
SEARCH: 5
NUMERO RANDOM: 3DE: 52
SEARCH: 3
NUMERO RANDOM: 3DE: 53
SEARCH: 3
NUMERO RANDOM: 3DE: 54
SEARCH: 3
NUMERO RANDOM: 2DE: 55
SEARCH: 2
NUMERO RANDOM: 7DE: 56
SEARCH: 7
NUMERO RANDOM: 4DE: 57
SEARCH: 4
NUMERO RANDOM: 5DE: 58
SEARCH: 5
NUMERO RANDOM: 6DE: 59
SEARCH: 6
NUMERO RANDOM: 8DE: 60
SEARCH: 8
NUMERO RANDOM: 1DE: 61
SEARCH: 1
NUMERO RANDOM: 3DE: 62
SEARCH: 3
NUMERO RANDOM: 10DE: 63
SEARCH: 10
NUMERO RANDOM: 8DE: 64
SEARCH: 8
NUMERO RANDOM: 10DE: 65
SEARCH: 10
NUMERO RANDOM: 1DE: 66
SEARCH: 1
NUMERO RANDOM: 5DE: 67
SEARCH: 5
NUMERO RANDOM: 9DE: 68
SEARCH: 9
NUMERO RANDOM: 9DE: 69
SEARCH: 9
NUMERO RANDOM: 9DE: 70
SEARCH: 9
NUMERO RANDOM: 7DE: 71
SEARCH: 7
NUMERO RANDOM: 4DE: 72
SEARCH: 4
NUMERO RANDOM: 10DE: 73
SEARCH: 10
NUMERO RANDOM: 1DE: 74
SEARCH: 1
NUMERO RANDOM: 6DE: 75
SEARCH: 6
NUMERO RANDOM: 10DE: 76
SEARCH: 10
NUMERO RANDOM: 4DE: 77
SEARCH: 4
NUMERO RANDOM: 7DE: 78
SEARCH: 7
NUMERO RANDOM: 3DE: 79
SEARCH: 3
NUMERO RANDOM: 10DE: 80
SEARCH: 10
NUMERO RANDOM: 5DE: 81
SEARCH: 5
NUMERO RANDOM: 10DE: 82
SEARCH: 10
NUMERO RANDOM: 7DE: 83
SEARCH: 7
NUMERO RANDOM: 9DE: 84
SEARCH: 9
NUMERO RANDOM: 9DE: 85
SEARCH: 9
NUMERO RANDOM: 8DE: 86
SEARCH: 8
NUMERO RANDOM: 1DE: 87
SEARCH: 1
NUMERO RANDOM: 8DE: 88
SEARCH: 8
NUMERO RANDOM: 7DE: 89
SEARCH: 7
NUMERO RANDOM: 1DE: 90
SEARCH: 1
NUMERO RANDOM: 3DE: 91
SEARCH: 3
NUMERO RANDOM: 2DE: 92
SEARCH: 2
NUMERO RANDOM: 3DE: 93
SEARCH: 3
NUMERO RANDOM: 9DE: 94
SEARCH: 9
NUMERO RANDOM: 7DE: 95
SEARCH: 7
NUMERO RANDOM: 4DE: 96
SEARCH: 4
NUMERO RANDOM: 9DE: 97
SEARCH: 9
NUMERO RANDOM: 2DE: 98
SEARCH: 2
NUMERO RANDOM: 3DE: 99
SEARCH: 3
NUMERO RANDOM: 6DE: 100
SEARCH: 6
2024-10-08T02:41:32.235-05:00 DEBUG 20080 --- [           main] org.hibernate.SQL                        : update mascota set cliente_id=?,edad=?,enfermedad=?,estado=?,imagen=?,nombre=?,peso=?,raza=?,tratamiento_id=? where id=?
2024-10-08T02:41:32.241-05:00 DEBUG 20080 --- [           main] org.hibernate.SQL                        : update mascota set cliente_id=?,edad=?,enfermedad=?,estado=?,imagen=?,nombre=?,peso=?,raza=?,tratamiento_id=? where id=?
2024-10-08T02:41:32.242-05:00 DEBUG 20080 --- [           main] org.hibernate.SQL                        : update mascota set cliente_id=?,edad=?,enfermedad=?,estado=?,imagen=?,nombre=?,peso=?,raza=?,tratamiento_id=? where id=?
2024-10-08T02:41:32.242-05:00 DEBUG 20080 --- [           main] org.hibernate.SQL                        : update mascota set cliente_id=?,edad=?,enfermedad=?,estado=?,imagen=?,nombre=?,peso=?,raza=?,tratamiento_id=? where id=?
2024-10-08T02:41:32.243-05:00 DEBUG 20080 --- [           main] org.hibernate.SQL                        : update mascota set cliente_id=?,edad=?,enfermedad=?,estado=?,imagen=?,nombre=?,peso=?,raza=?,tratamiento_id=? where id=?
2024-10-08T02:41:32.243-05:00 DEBUG 20080 --- [           main] org.hibernate.SQL                        : update mascota set cliente_id=?,edad=?,enfermedad=?,estado=?,imagen=?,nombre=?,peso=?,raza=?,tratamiento_id=? where id=?
2024-10-08T02:41:32.244-05:00 DEBUG 20080 --- [           main] org.hibernate.SQL                        : update mascota set cliente_id=?,edad=?,enfermedad=?,estado=?,imagen=?,nombre=?,peso=?,raza=?,tratamiento_id=? where id=?
2024-10-08T02:41:32.245-05:00 DEBUG 20080 --- [           main] org.hibernate.SQL                        : update mascota set cliente_id=?,edad=?,enfermedad=?,estado=?,imagen=?,nombre=?,peso=?,raza=?,tratamiento_id=? where id=?
2024-10-08T02:41:32.246-05:00 DEBUG 20080 --- [           main] org.hibernate.SQL                        : update mascota set cliente_id=?,edad=?,enfermedad=?,estado=?,imagen=?,nombre=?,peso=?,raza=?,tratamiento_id=? where id=?
2024-10-08T02:41:32.246-05:00 DEBUG 20080 --- [           main] org.hibernate.SQL                        : update mascota set cliente_id=?,edad=?,enfermedad=?,estado=?,imagen=?,nombre=?,peso=?,raza=?,tratamiento_id=? where id=?
2024-10-08T02:41:32.247-05:00 DEBUG 20080 --- [           main] org.hibernate.SQL                        : update mascota set cliente_id=?,edad=?,enfermedad=?,estado=?,imagen=?,nombre=?,peso=?,raza=?,tratamiento_id=? where id=?
2024-10-08T02:41:32.247-05:00 DEBUG 20080 --- [           main] org.hibernate.SQL                        : update mascota set cliente_id=?,edad=?,enfermedad=?,estado=?,imagen=?,nombre=?,peso=?,raza=?,tratamiento_id=? where id=?
2024-10-08T02:41:32.248-05:00 DEBUG 20080 --- [           main] org.hibernate.SQL                        : update mascota set cliente_id=?,edad=?,enfermedad=?,estado=?,imagen=?,nombre=?,peso=?,raza=?,tratamiento_id=? where id=?
2024-10-08T02:41:32.248-05:00 DEBUG 20080 --- [           main] org.hibernate.SQL                        : update mascota set cliente_id=?,edad=?,enfermedad=?,estado=?,imagen=?,nombre=?,peso=?,raza=?,tratamiento_id=? where id=?
2024-10-08T02:41:32.250-05:00 DEBUG 20080 --- [           main] org.hibernate.SQL                        : update mascota set cliente_id=?,edad=?,enfermedad=?,estado=?,imagen=?,nombre=?,peso=?,raza=?,tratamiento_id=? where id=?
2024-10-08T02:41:32.251-05:00 DEBUG 20080 --- [           main] org.hibernate.SQL                        : update mascota set cliente_id=?,edad=?,enfermedad=?,estado=?,imagen=?,nombre=?,peso=?,raza=?,tratamiento_id=? where id=?
2024-10-08T02:41:32.251-05:00 DEBUG 20080 --- [           main] org.hibernate.SQL                        : update mascota set cliente_id=?,edad=?,enfermedad=?,estado=?,imagen=?,nombre=?,peso=?,raza=?,tratamiento_id=? where id=?
2024-10-08T02:41:32.252-05:00 DEBUG 20080 --- [           main] org.hibernate.SQL                        : update mascota set cliente_id=?,edad=?,enfermedad=?,estado=?,imagen=?,nombre=?,peso=?,raza=?,tratamiento_id=? where id=?
2024-10-08T02:41:32.253-05:00 DEBUG 20080 --- [           main] org.hibernate.SQL                        : update mascota set cliente_id=?,edad=?,enfermedad=?,estado=?,imagen=?,nombre=?,peso=?,raza=?,tratamiento_id=? where id=?
2024-10-08T02:41:32.254-05:00 DEBUG 20080 --- [           main] org.hibernate.SQL                        : update mascota set cliente_id=?,edad=?,enfermedad=?,estado=?,imagen=?,nombre=?,peso=?,raza=?,tratamiento_id=? where id=?
2024-10-08T02:41:32.254-05:00 DEBUG 20080 --- [           main] org.hibernate.SQL                        : update mascota set cliente_id=?,edad=?,enfermedad=?,estado=?,imagen=?,nombre=?,peso=?,raza=?,tratamiento_id=? where id=?
2024-10-08T02:41:32.255-05:00 DEBUG 20080 --- [           main] org.hibernate.SQL                        : update mascota set cliente_id=?,edad=?,enfermedad=?,estado=?,imagen=?,nombre=?,peso=?,raza=?,tratamiento_id=? where id=?
2024-10-08T02:41:32.256-05:00 DEBUG 20080 --- [           main] org.hibernate.SQL                        : update mascota set cliente_id=?,edad=?,enfermedad=?,estado=?,imagen=?,nombre=?,peso=?,raza=?,tratamiento_id=? where id=?
2024-10-08T02:41:32.257-05:00 DEBUG 20080 --- [           main] org.hibernate.SQL                        : update mascota set cliente_id=?,edad=?,enfermedad=?,estado=?,imagen=?,nombre=?,peso=?,raza=?,tratamiento_id=? where id=?
2024-10-08T02:41:32.258-05:00 DEBUG 20080 --- [           main] org.hibernate.SQL                        : update mascota set cliente_id=?,edad=?,enfermedad=?,estado=?,imagen=?,nombre=?,peso=?,raza=?,tratamiento_id=? where id=?
2024-10-08T02:41:32.258-05:00 DEBUG 20080 --- [           main] org.hibernate.SQL                        : update mascota set cliente_id=?,edad=?,enfermedad=?,estado=?,imagen=?,nombre=?,peso=?,raza=?,tratamiento_id=? where id=?
2024-10-08T02:41:32.258-05:00 DEBUG 20080 --- [           main] org.hibernate.SQL                        : update mascota set cliente_id=?,edad=?,enfermedad=?,estado=?,imagen=?,nombre=?,peso=?,raza=?,tratamiento_id=? where id=?
2024-10-08T02:41:32.259-05:00 DEBUG 20080 --- [           main] org.hibernate.SQL                        : update mascota set cliente_id=?,edad=?,enfermedad=?,estado=?,imagen=?,nombre=?,peso=?,raza=?,tratamiento_id=? where id=?
2024-10-08T02:41:32.259-05:00 DEBUG 20080 --- [           main] org.hibernate.SQL                        : update mascota set cliente_id=?,edad=?,enfermedad=?,estado=?,imagen=?,nombre=?,peso=?,raza=?,tratamiento_id=? where id=?
2024-10-08T02:41:32.260-05:00 DEBUG 20080 --- [           main] org.hibernate.SQL                        : update mascota set cliente_id=?,edad=?,enfermedad=?,estado=?,imagen=?,nombre=?,peso=?,raza=?,tratamiento_id=? where id=?
2024-10-08T02:41:32.261-05:00 DEBUG 20080 --- [           main] org.hibernate.SQL                        : update mascota set cliente_id=?,edad=?,enfermedad=?,estado=?,imagen=?,nombre=?,peso=?,raza=?,tratamiento_id=? where id=?
2024-10-08T02:41:32.262-05:00 DEBUG 20080 --- [           main] org.hibernate.SQL                        : update mascota set cliente_id=?,edad=?,enfermedad=?,estado=?,imagen=?,nombre=?,peso=?,raza=?,tratamiento_id=? where id=?
2024-10-08T02:41:32.262-05:00 DEBUG 20080 --- [           main] org.hibernate.SQL                        : update mascota set cliente_id=?,edad=?,enfermedad=?,estado=?,imagen=?,nombre=?,peso=?,raza=?,tratamiento_id=? where id=?
2024-10-08T02:41:32.263-05:00 DEBUG 20080 --- [           main] org.hibernate.SQL                        : update mascota set cliente_id=?,edad=?,enfermedad=?,estado=?,imagen=?,nombre=?,peso=?,raza=?,tratamiento_id=? where id=?
2024-10-08T02:41:32.263-05:00 DEBUG 20080 --- [           main] org.hibernate.SQL                        : update mascota set cliente_id=?,edad=?,enfermedad=?,estado=?,imagen=?,nombre=?,peso=?,raza=?,tratamiento_id=? where id=?
2024-10-08T02:41:32.264-05:00 DEBUG 20080 --- [           main] org.hibernate.SQL                        : update mascota set cliente_id=?,edad=?,enfermedad=?,estado=?,imagen=?,nombre=?,peso=?,raza=?,tratamiento_id=? where id=?
2024-10-08T02:41:32.264-05:00 DEBUG 20080 --- [           main] org.hibernate.SQL                        : update mascota set cliente_id=?,edad=?,enfermedad=?,estado=?,imagen=?,nombre=?,peso=?,raza=?,tratamiento_id=? where id=?
2024-10-08T02:41:32.265-05:00 DEBUG 20080 --- [           main] org.hibernate.SQL                        : update mascota set cliente_id=?,edad=?,enfermedad=?,estado=?,imagen=?,nombre=?,peso=?,raza=?,tratamiento_id=? where id=?
2024-10-08T02:41:32.265-05:00 DEBUG 20080 --- [           main] org.hibernate.SQL                        : update mascota set cliente_id=?,edad=?,enfermedad=?,estado=?,imagen=?,nombre=?,peso=?,raza=?,tratamiento_id=? where id=?
2024-10-08T02:41:32.266-05:00 DEBUG 20080 --- [           main] org.hibernate.SQL                        : update mascota set cliente_id=?,edad=?,enfermedad=?,estado=?,imagen=?,nombre=?,peso=?,raza=?,tratamiento_id=? where id=?
2024-10-08T02:41:32.267-05:00 DEBUG 20080 --- [           main] org.hibernate.SQL                        : update mascota set cliente_id=?,edad=?,enfermedad=?,estado=?,imagen=?,nombre=?,peso=?,raza=?,tratamiento_id=? where id=?
2024-10-08T02:41:32.267-05:00 DEBUG 20080 --- [           main] org.hibernate.SQL                        : update mascota set cliente_id=?,edad=?,enfermedad=?,estado=?,imagen=?,nombre=?,peso=?,raza=?,tratamiento_id=? where id=?
2024-10-08T02:41:32.268-05:00 DEBUG 20080 --- [           main] org.hibernate.SQL                        : update mascota set cliente_id=?,edad=?,enfermedad=?,estado=?,imagen=?,nombre=?,peso=?,raza=?,tratamiento_id=? where id=?
2024-10-08T02:41:32.268-05:00 DEBUG 20080 --- [           main] org.hibernate.SQL                        : update mascota set cliente_id=?,edad=?,enfermedad=?,estado=?,imagen=?,nombre=?,peso=?,raza=?,tratamiento_id=? where id=?
2024-10-08T02:41:32.269-05:00 DEBUG 20080 --- [           main] org.hibernate.SQL                        : update mascota set cliente_id=?,edad=?,enfermedad=?,estado=?,imagen=?,nombre=?,peso=?,raza=?,tratamiento_id=? where id=?
2024-10-08T02:41:32.269-05:00 DEBUG 20080 --- [           main] org.hibernate.SQL                        : update mascota set cliente_id=?,edad=?,enfermedad=?,estado=?,imagen=?,nombre=?,peso=?,raza=?,tratamiento_id=? where id=?
2024-10-08T02:41:32.269-05:00 DEBUG 20080 --- [           main] org.hibernate.SQL                        : update mascota set cliente_id=?,edad=?,enfermedad=?,estado=?,imagen=?,nombre=?,peso=?,raza=?,tratamiento_id=? where id=?
2024-10-08T02:41:32.270-05:00 DEBUG 20080 --- [           main] org.hibernate.SQL                        : update mascota set cliente_id=?,edad=?,enfermedad=?,estado=?,imagen=?,nombre=?,peso=?,raza=?,tratamiento_id=? where id=?
2024-10-08T02:41:32.270-05:00 DEBUG 20080 --- [           main] org.hibernate.SQL                        : update mascota set cliente_id=?,edad=?,enfermedad=?,estado=?,imagen=?,nombre=?,peso=?,raza=?,tratamiento_id=? where id=?
2024-10-08T02:41:32.270-05:00 DEBUG 20080 --- [           main] org.hibernate.SQL                        : update mascota set cliente_id=?,edad=?,enfermedad=?,estado=?,imagen=?,nombre=?,peso=?,raza=?,tratamiento_id=? where id=?
2024-10-08T02:41:32.271-05:00 DEBUG 20080 --- [           main] org.hibernate.SQL                        : update mascota set cliente_id=?,edad=?,enfermedad=?,estado=?,imagen=?,nombre=?,peso=?,raza=?,tratamiento_id=? where id=?
2024-10-08T02:41:32.271-05:00 DEBUG 20080 --- [           main] org.hibernate.SQL                        : update mascota set cliente_id=?,edad=?,enfermedad=?,estado=?,imagen=?,nombre=?,peso=?,raza=?,tratamiento_id=? where id=?
2024-10-08T02:41:32.271-05:00 DEBUG 20080 --- [           main] org.hibernate.SQL                        : update mascota set cliente_id=?,edad=?,enfermedad=?,estado=?,imagen=?,nombre=?,peso=?,raza=?,tratamiento_id=? where id=?
2024-10-08T02:41:32.271-05:00 DEBUG 20080 --- [           main] org.hibernate.SQL                        : update mascota set cliente_id=?,edad=?,enfermedad=?,estado=?,imagen=?,nombre=?,peso=?,raza=?,tratamiento_id=? where id=?
2024-10-08T02:41:32.272-05:00 DEBUG 20080 --- [           main] org.hibernate.SQL                        : update mascota set cliente_id=?,edad=?,enfermedad=?,estado=?,imagen=?,nombre=?,peso=?,raza=?,tratamiento_id=? where id=?
2024-10-08T02:41:32.272-05:00 DEBUG 20080 --- [           main] org.hibernate.SQL                        : update mascota set cliente_id=?,edad=?,enfermedad=?,estado=?,imagen=?,nombre=?,peso=?,raza=?,tratamiento_id=? where id=?
2024-10-08T02:41:32.272-05:00 DEBUG 20080 --- [           main] org.hibernate.SQL                        : update mascota set cliente_id=?,edad=?,enfermedad=?,estado=?,imagen=?,nombre=?,peso=?,raza=?,tratamiento_id=? where id=?
2024-10-08T02:41:32.272-05:00 DEBUG 20080 --- [           main] org.hibernate.SQL                        : update mascota set cliente_id=?,edad=?,enfermedad=?,estado=?,imagen=?,nombre=?,peso=?,raza=?,tratamiento_id=? where id=?
2024-10-08T02:41:32.273-05:00 DEBUG 20080 --- [           main] org.hibernate.SQL                        : update mascota set cliente_id=?,edad=?,enfermedad=?,estado=?,imagen=?,nombre=?,peso=?,raza=?,tratamiento_id=? where id=?
2024-10-08T02:41:32.274-05:00 DEBUG 20080 --- [           main] org.hibernate.SQL                        : update mascota set cliente_id=?,edad=?,enfermedad=?,estado=?,imagen=?,nombre=?,peso=?,raza=?,tratamiento_id=? where id=?
2024-10-08T02:41:32.274-05:00 DEBUG 20080 --- [           main] org.hibernate.SQL                        : update mascota set cliente_id=?,edad=?,enfermedad=?,estado=?,imagen=?,nombre=?,peso=?,raza=?,tratamiento_id=? where id=?
2024-10-08T02:41:32.275-05:00 DEBUG 20080 --- [           main] org.hibernate.SQL                        : update mascota set cliente_id=?,edad=?,enfermedad=?,estado=?,imagen=?,nombre=?,peso=?,raza=?,tratamiento_id=? where id=?
2024-10-08T02:41:32.275-05:00 DEBUG 20080 --- [           main] org.hibernate.SQL                        : update mascota set cliente_id=?,edad=?,enfermedad=?,estado=?,imagen=?,nombre=?,peso=?,raza=?,tratamiento_id=? where id=?
2024-10-08T02:41:32.276-05:00 DEBUG 20080 --- [           main] org.hibernate.SQL                        : update mascota set cliente_id=?,edad=?,enfermedad=?,estado=?,imagen=?,nombre=?,peso=?,raza=?,tratamiento_id=? where id=?
2024-10-08T02:41:32.276-05:00 DEBUG 20080 --- [           main] org.hibernate.SQL                        : update mascota set cliente_id=?,edad=?,enfermedad=?,estado=?,imagen=?,nombre=?,peso=?,raza=?,tratamiento_id=? where id=?
2024-10-08T02:41:32.277-05:00 DEBUG 20080 --- [           main] org.hibernate.SQL                        : update mascota set cliente_id=?,edad=?,enfermedad=?,estado=?,imagen=?,nombre=?,peso=?,raza=?,tratamiento_id=? where id=?
2024-10-08T02:41:32.277-05:00 DEBUG 20080 --- [           main] org.hibernate.SQL                        : update mascota set cliente_id=?,edad=?,enfermedad=?,estado=?,imagen=?,nombre=?,peso=?,raza=?,tratamiento_id=? where id=?
2024-10-08T02:41:32.277-05:00 DEBUG 20080 --- [           main] org.hibernate.SQL                        : update mascota set cliente_id=?,edad=?,enfermedad=?,estado=?,imagen=?,nombre=?,peso=?,raza=?,tratamiento_id=? where id=?
2024-10-08T02:41:32.277-05:00 DEBUG 20080 --- [           main] org.hibernate.SQL                        : update mascota set cliente_id=?,edad=?,enfermedad=?,estado=?,imagen=?,nombre=?,peso=?,raza=?,tratamiento_id=? where id=?
2024-10-08T02:41:32.278-05:00 DEBUG 20080 --- [           main] org.hibernate.SQL                        : update mascota set cliente_id=?,edad=?,enfermedad=?,estado=?,imagen=?,nombre=?,peso=?,raza=?,tratamiento_id=? where id=?
2024-10-08T02:41:32.278-05:00 DEBUG 20080 --- [           main] org.hibernate.SQL                        : update mascota set cliente_id=?,edad=?,enfermedad=?,estado=?,imagen=?,nombre=?,peso=?,raza=?,tratamiento_id=? where id=?
2024-10-08T02:41:32.278-05:00 DEBUG 20080 --- [           main] org.hibernate.SQL                        : update mascota set cliente_id=?,edad=?,enfermedad=?,estado=?,imagen=?,nombre=?,peso=?,raza=?,tratamiento_id=? where id=?
2024-10-08T02:41:32.279-05:00 DEBUG 20080 --- [           main] org.hibernate.SQL                        : update mascota set cliente_id=?,edad=?,enfermedad=?,estado=?,imagen=?,nombre=?,peso=?,raza=?,tratamiento_id=? where id=?
2024-10-08T02:41:32.279-05:00 DEBUG 20080 --- [           main] org.hibernate.SQL                        : update mascota set cliente_id=?,edad=?,enfermedad=?,estado=?,imagen=?,nombre=?,peso=?,raza=?,tratamiento_id=? where id=?
2024-10-08T02:41:32.280-05:00 DEBUG 20080 --- [           main] org.hibernate.SQL                        : update mascota set cliente_id=?,edad=?,enfermedad=?,estado=?,imagen=?,nombre=?,peso=?,raza=?,tratamiento_id=? where id=?
2024-10-08T02:41:32.280-05:00 DEBUG 20080 --- [           main] org.hibernate.SQL                        : update mascota set cliente_id=?,edad=?,enfermedad=?,estado=?,imagen=?,nombre=?,peso=?,raza=?,tratamiento_id=? where id=?
2024-10-08T02:41:32.280-05:00 DEBUG 20080 --- [           main] org.hibernate.SQL                        : update mascota set cliente_id=?,edad=?,enfermedad=?,estado=?,imagen=?,nombre=?,peso=?,raza=?,tratamiento_id=? where id=?
2024-10-08T02:41:32.280-05:00 DEBUG 20080 --- [           main] org.hibernate.SQL                        : update mascota set cliente_id=?,edad=?,enfermedad=?,estado=?,imagen=?,nombre=?,peso=?,raza=?,tratamiento_id=? where id=?
2024-10-08T02:41:32.281-05:00 DEBUG 20080 --- [           main] org.hibernate.SQL                        : update mascota set cliente_id=?,edad=?,enfermedad=?,estado=?,imagen=?,nombre=?,peso=?,raza=?,tratamiento_id=? where id=?
2024-10-08T02:41:32.281-05:00 DEBUG 20080 --- [           main] org.hibernate.SQL                        : update mascota set cliente_id=?,edad=?,enfermedad=?,estado=?,imagen=?,nombre=?,peso=?,raza=?,tratamiento_id=? where id=?
2024-10-08T02:41:32.281-05:00 DEBUG 20080 --- [           main] org.hibernate.SQL                        : update mascota set cliente_id=?,edad=?,enfermedad=?,estado=?,imagen=?,nombre=?,peso=?,raza=?,tratamiento_id=? where id=?
2024-10-08T02:41:32.281-05:00 DEBUG 20080 --- [           main] org.hibernate.SQL                        : update mascota set cliente_id=?,edad=?,enfermedad=?,estado=?,imagen=?,nombre=?,peso=?,raza=?,tratamiento_id=? where id=?
2024-10-08T02:41:32.282-05:00 DEBUG 20080 --- [           main] org.hibernate.SQL                        : update mascota set cliente_id=?,edad=?,enfermedad=?,estado=?,imagen=?,nombre=?,peso=?,raza=?,tratamiento_id=? where id=?
2024-10-08T02:41:32.282-05:00 DEBUG 20080 --- [           main] org.hibernate.SQL                        : update mascota set cliente_id=?,edad=?,enfermedad=?,estado=?,imagen=?,nombre=?,peso=?,raza=?,tratamiento_id=? where id=?
2024-10-08T02:41:32.282-05:00 DEBUG 20080 --- [           main] org.hibernate.SQL                        : update mascota set cliente_id=?,edad=?,enfermedad=?,estado=?,imagen=?,nombre=?,peso=?,raza=?,tratamiento_id=? where id=?
2024-10-08T02:41:32.282-05:00 DEBUG 20080 --- [           main] org.hibernate.SQL                        : update mascota set cliente_id=?,edad=?,enfermedad=?,estado=?,imagen=?,nombre=?,peso=?,raza=?,tratamiento_id=? where id=?
2024-10-08T02:41:32.283-05:00 DEBUG 20080 --- [           main] org.hibernate.SQL                        : update mascota set cliente_id=?,edad=?,enfermedad=?,estado=?,imagen=?,nombre=?,peso=?,raza=?,tratamiento_id=? where id=?
2024-10-08T02:41:32.283-05:00 DEBUG 20080 --- [           main] org.hibernate.SQL                        : update mascota set cliente_id=?,edad=?,enfermedad=?,estado=?,imagen=?,nombre=?,peso=?,raza=?,tratamiento_id=? where id=?
2024-10-08T02:41:32.283-05:00 DEBUG 20080 --- [           main] org.hibernate.SQL                        : update mascota set cliente_id=?,edad=?,enfermedad=?,estado=?,imagen=?,nombre=?,peso=?,raza=?,tratamiento_id=? where id=?
2024-10-08T02:41:32.283-05:00 DEBUG 20080 --- [           main] org.hibernate.SQL                        : update mascota set cliente_id=?,edad=?,enfermedad=?,estado=?,imagen=?,nombre=?,peso=?,raza=?,tratamiento_id=? where id=?
2024-10-08T02:41:32.283-05:00 DEBUG 20080 --- [           main] org.hibernate.SQL                        : update mascota set cliente_id=?,edad=?,enfermedad=?,estado=?,imagen=?,nombre=?,peso=?,raza=?,tratamiento_id=? where id=?
2024-10-08T02:41:32.284-05:00 DEBUG 20080 --- [           main] org.hibernate.SQL                        : update mascota set cliente_id=?,edad=?,enfermedad=?,estado=?,imagen=?,nombre=?,peso=?,raza=?,tratamiento_id=? where id=?
2024-10-08T02:41:32.284-05:00 DEBUG 20080 --- [           main] org.hibernate.SQL                        : update mascota set cliente_id=?,edad=?,enfermedad=?,estado=?,imagen=?,nombre=?,peso=?,raza=?,tratamiento_id=? where id=?
2024-10-08T02:41:32.284-05:00 DEBUG 20080 --- [           main] org.hibernate.SQL                        : update mascota set cliente_id=?,edad=?,enfermedad=?,estado=?,imagen=?,nombre=?,peso=?,raza=?,tratamiento_id=? where id=?
2024-10-08T02:41:32.285-05:00 DEBUG 20080 --- [           main] org.hibernate.SQL                        : update mascota set cliente_id=?,edad=?,enfermedad=?,estado=?,imagen=?,nombre=?,peso=?,raza=?,tratamiento_id=? where id=?
2024-10-08T02:41:32.285-05:00 DEBUG 20080 --- [           main] org.hibernate.SQL                        : update mascota set cliente_id=?,edad=?,enfermedad=?,estado=?,imagen=?,nombre=?,peso=?,raza=?,tratamiento_id=? where id=?
2024-10-08T02:41:32.285-05:00 DEBUG 20080 --- [           main] org.hibernate.SQL                        : update mascota set cliente_id=?,edad=?,enfermedad=?,estado=?,imagen=?,nombre=?,peso=?,raza=?,tratamiento_id=? where id=?
2024-10-08T02:41:32.286-05:00 DEBUG 20080 --- [           main] org.hibernate.SQL                        : update mascota set cliente_id=?,edad=?,enfermedad=?,estado=?,imagen=?,nombre=?,peso=?,raza=?,tratamiento_id=? where id=?
2024-10-08T02:41:32.286-05:00 DEBUG 20080 --- [           main] org.hibernate.SQL                        : update mascota set cliente_id=?,edad=?,enfermedad=?,estado=?,imagen=?,nombre=?,peso=?,raza=?,tratamiento_id=? where id=?
2024-10-08T02:41:32.286-05:00 DEBUG 20080 --- [           main] org.hibernate.SQL                        : update mascota set cliente_id=?,edad=?,enfermedad=?,estado=?,imagen=?,nombre=?,peso=?,raza=?,tratamiento_id=? where id=?
2024-10-08T02:41:32.286-05:00 DEBUG 20080 --- [           main] org.hibernate.SQL                        : update tratamiento set descripcion=?,droga_id=?,fecha=?,veterinario_id=? where id=?
2024-10-08T02:41:32.287-05:00 DEBUG 20080 --- [           main] org.hibernate.SQL                        : update tratamiento set descripcion=?,droga_id=?,fecha=?,veterinario_id=? where id=?
2024-10-08T02:41:32.287-05:00 DEBUG 20080 --- [           main] org.hibernate.SQL                        : update tratamiento set descripcion=?,droga_id=?,fecha=?,veterinario_id=? where id=?
2024-10-08T02:41:32.287-05:00 DEBUG 20080 --- [           main] org.hibernate.SQL                        : update tratamiento set descripcion=?,droga_id=?,fecha=?,veterinario_id=? where id=?
2024-10-08T02:41:32.287-05:00 DEBUG 20080 --- [           main] org.hibernate.SQL                        : update tratamiento set descripcion=?,droga_id=?,fecha=?,veterinario_id=? where id=?
2024-10-08T02:41:32.287-05:00 DEBUG 20080 --- [           main] org.hibernate.SQL                        : update tratamiento set descripcion=?,droga_id=?,fecha=?,veterinario_id=? where id=?
2024-10-08T02:41:32.287-05:00 DEBUG 20080 --- [           main] org.hibernate.SQL                        : update tratamiento set descripcion=?,droga_id=?,fecha=?,veterinario_id=? where id=?
2024-10-08T02:41:32.288-05:00 DEBUG 20080 --- [           main] org.hibernate.SQL                        : update tratamiento set descripcion=?,droga_id=?,fecha=?,veterinario_id=? where id=?
2024-10-08T02:41:32.288-05:00 DEBUG 20080 --- [           main] org.hibernate.SQL                        : update tratamiento set descripcion=?,droga_id=?,fecha=?,veterinario_id=? where id=?
2024-10-08T02:41:32.289-05:00 DEBUG 20080 --- [           main] org.hibernate.SQL                        : update tratamiento set descripcion=?,droga_id=?,fecha=?,veterinario_id=? where id=?
[...]
2024-10-08T02:41:32.368-05:00 DEBUG 20080 --- [           main] org.hibernate.SQL                        : update mascota set cliente_id=?,edad=?,enfermedad=?,estado=?,imagen=?,nombre=?,peso=?,raza=?,tratamiento_id=? where id=?
2024-10-08T02:41:32.368-05:00 DEBUG 20080 --- [           main] org.hibernate.SQL                        : update mascota set cliente_id=?,edad=?,enfermedad=?,estado=?,imagen=?,nombre=?,peso=?,raza=?,tratamiento_id=? where id=?
2024-10-08T02:41:32.369-05:00 DEBUG 20080 --- [           main] org.hibernate.SQL                        : update mascota set cliente_id=?,edad=?,enfermedad=?,estado=?,imagen=?,nombre=?,peso=?,raza=?,tratamiento_id=? where id=?
2024-10-08T02:41:32.369-05:00 DEBUG 20080 --- [           main] org.hibernate.SQL                        : update mascota set cliente_id=?,edad=?,enfermedad=?,estado=?,imagen=?,nombre=?,peso=?,raza=?,tratamiento_id=? where id=?
2024-10-08T02:41:32.369-05:00 DEBUG 20080 --- [           main] org.hibernate.SQL                        : update mascota set cliente_id=?,edad=?,enfermedad=?,estado=?,imagen=?,nombre=?,peso=?,raza=?,tratamiento_id=? where id=?
2024-10-08T02:41:32.369-05:00 DEBUG 20080 --- [           main] org.hibernate.SQL                        : update mascota set cliente_id=?,edad=?,enfermedad=?,estado=?,imagen=?,nombre=?,peso=?,raza=?,tratamiento_id=? where id=?
2024-10-08T02:41:32.369-05:00 DEBUG 20080 --- [           main] org.hibernate.SQL                        : update mascota set cliente_id=?,edad=?,enfermedad=?,estado=?,imagen=?,nombre=?,peso=?,raza=?,tratamiento_id=? where id=?
2024-10-08T02:41:32.369-05:00 DEBUG 20080 --- [           main] org.hibernate.SQL                        : update mascota set cliente_id=?,edad=?,enfermedad=?,estado=?,imagen=?,nombre=?,peso=?,raza=?,tratamiento_id=? where id=?
2024-10-08T02:41:32.370-05:00 DEBUG 20080 --- [           main] org.hibernate.SQL                        : update mascota set cliente_id=?,edad=?,enfermedad=?,estado=?,imagen=?,nombre=?,peso=?,raza=?,tratamiento_id=? where id=?
2024-10-08T02:41:32.370-05:00 DEBUG 20080 --- [           main] org.hibernate.SQL                        : update mascota set cliente_id=?,edad=?,enfermedad=?,estado=?,imagen=?,nombre=?,peso=?,raza=?,tratamiento_id=? where id=?
2024-10-08T02:41:32.370-05:00 DEBUG 20080 --- [           main] org.hibernate.SQL                        : update mascota set cliente_id=?,edad=?,enfermedad=?,estado=?,imagen=?,nombre=?,peso=?,raza=?,tratamiento_id=? where id=?
2024-10-08T02:41:32.370-05:00 DEBUG 20080 --- [           main] org.hibernate.SQL                        : update mascota set cliente_id=?,edad=?,enfermedad=?,estado=?,imagen=?,nombre=?,peso=?,raza=?,tratamiento_id=? where id=?
2024-10-08T02:41:32.370-05:00 DEBUG 20080 --- [           main] org.hibernate.SQL                        : update mascota set cliente_id=?,edad=?,enfermedad=?,estado=?,imagen=?,nombre=?,peso=?,raza=?,tratamiento_id=? where id=?
2024-10-08T02:41:32.371-05:00 DEBUG 20080 --- [           main] org.hibernate.SQL                        : update mascota set cliente_id=?,edad=?,enfermedad=?,estado=?,imagen=?,nombre=?,peso=?,raza=?,tratamiento_id=? where id=?
2024-10-08T02:41:32.371-05:00 DEBUG 20080 --- [           main] org.hibernate.SQL                        : update mascota set cliente_id=?,edad=?,enfermedad=?,estado=?,imagen=?,nombre=?,peso=?,raza=?,tratamiento_id=? where id=?
2024-10-08T02:41:32.371-05:00 DEBUG 20080 --- [           main] org.hibernate.SQL                        : update mascota set cliente_id=?,edad=?,enfermedad=?,estado=?,imagen=?,nombre=?,peso=?,raza=?,tratamiento_id=? where id=?
2024-10-08T02:41:32.371-05:00 DEBUG 20080 --- [           main] org.hibernate.SQL                        : update mascota set cliente_id=?,edad=?,enfermedad=?,estado=?,imagen=?,nombre=?,peso=?,raza=?,tratamiento_id=? where id=?
2024-10-08T02:41:32.371-05:00 DEBUG 20080 --- [           main] org.hibernate.SQL                        : update mascota set cliente_id=?,edad=?,enfermedad=?,estado=?,imagen=?,nombre=?,peso=?,raza=?,tratamiento_id=? where id=?
2024-10-08T02:41:32.372-05:00 DEBUG 20080 --- [           main] org.hibernate.SQL                        : update mascota set cliente_id=?,edad=?,enfermedad=?,estado=?,imagen=?,nombre=?,peso=?,raza=?,tratamiento_id=? where id=?
2024-10-08T02:41:32.372-05:00 DEBUG 20080 --- [           main] org.hibernate.SQL                        : update mascota set cliente_id=?,edad=?,enfermedad=?,estado=?,imagen=?,nombre=?,peso=?,raza=?,tratamiento_id=? where id=?
2024-10-08T02:41:32.372-05:00 DEBUG 20080 --- [           main] org.hibernate.SQL                        : update mascota set cliente_id=?,edad=?,enfermedad=?,estado=?,imagen=?,nombre=?,peso=?,raza=?,tratamiento_id=? where id=?
2024-10-08T02:41:32.372-05:00 DEBUG 20080 --- [           main] org.hibernate.SQL                        : update mascota set cliente_id=?,edad=?,enfermedad=?,estado=?,imagen=?,nombre=?,peso=?,raza=?,tratamiento_id=? where id=?
2024-10-08T02:41:32.373-05:00 DEBUG 20080 --- [           main] org.hibernate.SQL                        : update mascota set cliente_id=?,edad=?,enfermedad=?,estado=?,imagen=?,nombre=?,peso=?,raza=?,tratamiento_id=? where id=?
2024-10-08T02:41:32.373-05:00 DEBUG 20080 --- [           main] org.hibernate.SQL                        : update mascota set cliente_id=?,edad=?,enfermedad=?,estado=?,imagen=?,nombre=?,peso=?,raza=?,tratamiento_id=? where id=?
2024-10-08T02:41:32.374-05:00 DEBUG 20080 --- [           main] org.hibernate.SQL                        : update mascota set cliente_id=?,edad=?,enfermedad=?,estado=?,imagen=?,nombre=?,peso=?,raza=?,tratamiento_id=? where id=?
2024-10-08T02:41:32.374-05:00 DEBUG 20080 --- [           main] org.hibernate.SQL                        : update mascota set cliente_id=?,edad=?,enfermedad=?,estado=?,imagen=?,nombre=?,peso=?,raza=?,tratamiento_id=? where id=?
2024-10-08T02:41:32.374-05:00 DEBUG 20080 --- [           main] org.hibernate.SQL                        : update mascota set cliente_id=?,edad=?,enfermedad=?,estado=?,imagen=?,nombre=?,peso=?,raza=?,tratamiento_id=? where id=?
2024-10-08T02:41:32.374-05:00 DEBUG 20080 --- [           main] org.hibernate.SQL                        : update mascota set cliente_id=?,edad=?,enfermedad=?,estado=?,imagen=?,nombre=?,peso=?,raza=?,tratamiento_id=? where id=?
2024-10-08T02:41:32.374-05:00 DEBUG 20080 --- [           main] org.hibernate.SQL                        : update mascota set cliente_id=?,edad=?,enfermedad=?,estado=?,imagen=?,nombre=?,peso=?,raza=?,tratamiento_id=? where id=?
2024-10-08T02:41:32.375-05:00 DEBUG 20080 --- [           main] org.hibernate.SQL                        : update mascota set cliente_id=?,edad=?,enfermedad=?,estado=?,imagen=?,nombre=?,peso=?,raza=?,tratamiento_id=? where id=?
2024-10-08T02:41:32.375-05:00 DEBUG 20080 --- [           main] org.hibernate.SQL                        : update mascota set cliente_id=?,edad=?,enfermedad=?,estado=?,imagen=?,nombre=?,peso=?,raza=?,tratamiento_id=? where id=?
2024-10-08T02:41:32.375-05:00 DEBUG 20080 --- [           main] org.hibernate.SQL                        : update mascota set cliente_id=?,edad=?,enfermedad=?,estado=?,imagen=?,nombre=?,peso=?,raza=?,tratamiento_id=? where id=?
2024-10-08T02:41:32.375-05:00 DEBUG 20080 --- [           main] org.hibernate.SQL                        : update mascota set cliente_id=?,edad=?,enfermedad=?,estado=?,imagen=?,nombre=?,peso=?,raza=?,tratamiento_id=? where id=?
2024-10-08T02:41:32.375-05:00 DEBUG 20080 --- [           main] org.hibernate.SQL                        : update mascota set cliente_id=?,edad=?,enfermedad=?,estado=?,imagen=?,nombre=?,peso=?,raza=?,tratamiento_id=? where id=?
2024-10-08T02:41:32.376-05:00 DEBUG 20080 --- [           main] org.hibernate.SQL                        : update mascota set cliente_id=?,edad=?,enfermedad=?,estado=?,imagen=?,nombre=?,peso=?,raza=?,tratamiento_id=? where id=?
2024-10-08T02:41:32.376-05:00 DEBUG 20080 --- [           main] org.hibernate.SQL                        : update mascota set cliente_id=?,edad=?,enfermedad=?,estado=?,imagen=?,nombre=?,peso=?,raza=?,tratamiento_id=? where id=?
2024-10-08T02:41:32.376-05:00 DEBUG 20080 --- [           main] org.hibernate.SQL                        : update mascota set cliente_id=?,edad=?,enfermedad=?,estado=?,imagen=?,nombre=?,peso=?,raza=?,tratamiento_id=? where id=?
2024-10-08T02:41:32.376-05:00 DEBUG 20080 --- [           main] org.hibernate.SQL                        : update mascota set cliente_id=?,edad=?,enfermedad=?,estado=?,imagen=?,nombre=?,peso=?,raza=?,tratamiento_id=? where id=?
2024-10-08T02:41:32.377-05:00 DEBUG 20080 --- [           main] org.hibernate.SQL                        : update mascota set cliente_id=?,edad=?,enfermedad=?,estado=?,imagen=?,nombre=?,peso=?,raza=?,tratamiento_id=? where id=?
2024-10-08T02:41:32.377-05:00 DEBUG 20080 --- [           main] org.hibernate.SQL                        : update mascota set cliente_id=?,edad=?,enfermedad=?,estado=?,imagen=?,nombre=?,peso=?,raza=?,tratamiento_id=? where id=?
2024-10-08T02:41:32.377-05:00 DEBUG 20080 --- [           main] org.hibernate.SQL                        : update mascota set cliente_id=?,edad=?,enfermedad=?,estado=?,imagen=?,nombre=?,peso=?,raza=?,tratamiento_id=? where id=?
2024-10-08T02:41:32.377-05:00 DEBUG 20080 --- [           main] org.hibernate.SQL                        : update mascota set cliente_id=?,edad=?,enfermedad=?,estado=?,imagen=?,nombre=?,peso=?,raza=?,tratamiento_id=? where id=?
2024-10-08T02:41:32.378-05:00 DEBUG 20080 --- [           main] org.hibernate.SQL                        : update mascota set cliente_id=?,edad=?,enfermedad=?,estado=?,imagen=?,nombre=?,peso=?,raza=?,tratamiento_id=? where id=?
2024-10-08T02:41:32.378-05:00 DEBUG 20080 --- [           main] org.hibernate.SQL                        : update mascota set cliente_id=?,edad=?,enfermedad=?,estado=?,imagen=?,nombre=?,peso=?,raza=?,tratamiento_id=? where id=?
2024-10-08T02:41:32.378-05:00 DEBUG 20080 --- [           main] org.hibernate.SQL                        : update mascota set cliente_id=?,edad=?,enfermedad=?,estado=?,imagen=?,nombre=?,peso=?,raza=?,tratamiento_id=? where id=?
2024-10-08T02:41:32.378-05:00 DEBUG 20080 --- [           main] org.hibernate.SQL                        : update mascota set cliente_id=?,edad=?,enfermedad=?,estado=?,imagen=?,nombre=?,peso=?,raza=?,tratamiento_id=? where id=?
2024-10-08T02:41:32.379-05:00 DEBUG 20080 --- [           main] org.hibernate.SQL                        : update mascota set cliente_id=?,edad=?,enfermedad=?,estado=?,imagen=?,nombre=?,peso=?,raza=?,tratamiento_id=? where id=?
2024-10-08T02:41:32.379-05:00 DEBUG 20080 --- [           main] org.hibernate.SQL                        : update mascota set cliente_id=?,edad=?,enfermedad=?,estado=?,imagen=?,nombre=?,peso=?,raza=?,tratamiento_id=? where id=?
2024-10-08T02:41:32.379-05:00 DEBUG 20080 --- [           main] org.hibernate.SQL                        : update mascota set cliente_id=?,edad=?,enfermedad=?,estado=?,imagen=?,nombre=?,peso=?,raza=?,tratamiento_id=? where id=?
2024-10-08T02:41:32.379-05:00 DEBUG 20080 --- [           main] org.hibernate.SQL                        : update mascota set cliente_id=?,edad=?,enfermedad=?,estado=?,imagen=?,nombre=?,peso=?,raza=?,tratamiento_id=? where id=?
2024-10-08T02:41:32.380-05:00 DEBUG 20080 --- [           main] org.hibernate.SQL                        : update mascota set cliente_id=?,edad=?,enfermedad=?,estado=?,imagen=?,nombre=?,peso=?,raza=?,tratamiento_id=? where id=?
2024-10-08T02:41:32.380-05:00 DEBUG 20080 --- [           main] org.hibernate.SQL                        : update mascota set cliente_id=?,edad=?,enfermedad=?,estado=?,imagen=?,nombre=?,peso=?,raza=?,tratamiento_id=? where id=?
2024-10-08T02:41:32.380-05:00 DEBUG 20080 --- [           main] org.hibernate.SQL                        : update mascota set cliente_id=?,edad=?,enfermedad=?,estado=?,imagen=?,nombre=?,peso=?,raza=?,tratamiento_id=? where id=?
2024-10-08T02:41:32.380-05:00 DEBUG 20080 --- [           main] org.hibernate.SQL                        : update mascota set cliente_id=?,edad=?,enfermedad=?,estado=?,imagen=?,nombre=?,peso=?,raza=?,tratamiento_id=? where id=?
2024-10-08T02:41:32.381-05:00 DEBUG 20080 --- [           main] org.hibernate.SQL                        : update mascota set cliente_id=?,edad=?,enfermedad=?,estado=?,imagen=?,nombre=?,peso=?,raza=?,tratamiento_id=? where id=?
2024-10-08T02:41:32.381-05:00 DEBUG 20080 --- [           main] org.hibernate.SQL                        : update mascota set cliente_id=?,edad=?,enfermedad=?,estado=?,imagen=?,nombre=?,peso=?,raza=?,tratamiento_id=? where id=?
2024-10-08T02:41:32.381-05:00 DEBUG 20080 --- [           main] org.hibernate.SQL                        : update mascota set cliente_id=?,edad=?,enfermedad=?,estado=?,imagen=?,nombre=?,peso=?,raza=?,tratamiento_id=? where id=?
2024-10-08T02:41:32.381-05:00 DEBUG 20080 --- [           main] org.hibernate.SQL                        : update mascota set cliente_id=?,edad=?,enfermedad=?,estado=?,imagen=?,nombre=?,peso=?,raza=?,tratamiento_id=? where id=?
2024-10-08T02:41:32.381-05:00 DEBUG 20080 --- [           main] org.hibernate.SQL                        : update mascota set cliente_id=?,edad=?,enfermedad=?,estado=?,imagen=?,nombre=?,peso=?,raza=?,tratamiento_id=? where id=?
2024-10-08T02:41:32.381-05:00 DEBUG 20080 --- [           main] org.hibernate.SQL                        : update mascota set cliente_id=?,edad=?,enfermedad=?,estado=?,imagen=?,nombre=?,peso=?,raza=?,tratamiento_id=? where id=?
2024-10-08T02:41:32.381-05:00 DEBUG 20080 --- [           main] org.hibernate.SQL                        : update mascota set cliente_id=?,edad=?,enfermedad=?,estado=?,imagen=?,nombre=?,peso=?,raza=?,tratamiento_id=? where id=?
2024-10-08T02:41:32.382-05:00 DEBUG 20080 --- [           main] org.hibernate.SQL                        : update mascota set cliente_id=?,edad=?,enfermedad=?,estado=?,imagen=?,nombre=?,peso=?,raza=?,tratamiento_id=? where id=?
2024-10-08T02:41:32.382-05:00 DEBUG 20080 --- [           main] org.hibernate.SQL                        : update mascota set cliente_id=?,edad=?,enfermedad=?,estado=?,imagen=?,nombre=?,peso=?,raza=?,tratamiento_id=? where id=?
2024-10-08T02:41:32.382-05:00 DEBUG 20080 --- [           main] org.hibernate.SQL                        : update mascota set cliente_id=?,edad=?,enfermedad=?,estado=?,imagen=?,nombre=?,peso=?,raza=?,tratamiento_id=? where id=?
2024-10-08T02:41:32.382-05:00 DEBUG 20080 --- [           main] org.hibernate.SQL                        : update mascota set cliente_id=?,edad=?,enfermedad=?,estado=?,imagen=?,nombre=?,peso=?,raza=?,tratamiento_id=? where id=?
2024-10-08T02:41:32.382-05:00 DEBUG 20080 --- [           main] org.hibernate.SQL                        : update mascota set cliente_id=?,edad=?,enfermedad=?,estado=?,imagen=?,nombre=?,peso=?,raza=?,tratamiento_id=? where id=?
2024-10-08T02:41:32.382-05:00 DEBUG 20080 --- [           main] org.hibernate.SQL                        : update mascota set cliente_id=?,edad=?,enfermedad=?,estado=?,imagen=?,nombre=?,peso=?,raza=?,tratamiento_id=? where id=?
2024-10-08T02:41:32.382-05:00 DEBUG 20080 --- [           main] org.hibernate.SQL                        : update mascota set cliente_id=?,edad=?,enfermedad=?,estado=?,imagen=?,nombre=?,peso=?,raza=?,tratamiento_id=? where id=?
2024-10-08T02:41:32.383-05:00 DEBUG 20080 --- [           main] org.hibernate.SQL                        : update mascota set cliente_id=?,edad=?,enfermedad=?,estado=?,imagen=?,nombre=?,peso=?,raza=?,tratamiento_id=? where id=?
2024-10-08T02:41:32.383-05:00 DEBUG 20080 --- [           main] org.hibernate.SQL                        : update mascota set cliente_id=?,edad=?,enfermedad=?,estado=?,imagen=?,nombre=?,peso=?,raza=?,tratamiento_id=? where id=?
2024-10-08T02:41:32.383-05:00 DEBUG 20080 --- [           main] org.hibernate.SQL                        : update mascota set cliente_id=?,edad=?,enfermedad=?,estado=?,imagen=?,nombre=?,peso=?,raza=?,tratamiento_id=? where id=?
2024-10-08T02:41:32.383-05:00 DEBUG 20080 --- [           main] org.hibernate.SQL                        : update mascota set cliente_id=?,edad=?,enfermedad=?,estado=?,imagen=?,nombre=?,peso=?,raza=?,tratamiento_id=? where id=?
2024-10-08T02:41:32.383-05:00 DEBUG 20080 --- [           main] org.hibernate.SQL                        : update mascota set cliente_id=?,edad=?,enfermedad=?,estado=?,imagen=?,nombre=?,peso=?,raza=?,tratamiento_id=? where id=?
2024-10-08T02:41:32.383-05:00 DEBUG 20080 --- [           main] org.hibernate.SQL                        : update mascota set cliente_id=?,edad=?,enfermedad=?,estado=?,imagen=?,nombre=?,peso=?,raza=?,tratamiento_id=? where id=?
2024-10-08T02:41:32.384-05:00 DEBUG 20080 --- [           main] org.hibernate.SQL                        : update mascota set cliente_id=?,edad=?,enfermedad=?,estado=?,imagen=?,nombre=?,peso=?,raza=?,tratamiento_id=? where id=?
2024-10-08T02:41:32.384-05:00 DEBUG 20080 --- [           main] org.hibernate.SQL                        : update mascota set cliente_id=?,edad=?,enfermedad=?,estado=?,imagen=?,nombre=?,peso=?,raza=?,tratamiento_id=? where id=?
2024-10-08T02:41:32.384-05:00 DEBUG 20080 --- [           main] org.hibernate.SQL                        : update mascota set cliente_id=?,edad=?,enfermedad=?,estado=?,imagen=?,nombre=?,peso=?,raza=?,tratamiento_id=? where id=?
2024-10-08T02:41:32.406-05:00 DEBUG 20080 --- [           main] org.hibernate.SQL                        : update mascota set cliente_id=?,edad=?,enfermedad=?,estado=?,imagen=?,nombre=?,peso=?,raza=?,tratamiento_id=? where id=?
2024-10-08T02:41:32.406-05:00 DEBUG 20080 --- [           main] org.hibernate.SQL                        : update mascota set cliente_id=?,edad=?,enfermedad=?,estado=?,imagen=?,nombre=?,peso=?,raza=?,tratamiento_id=? where id=?
2024-10-08T02:41:32.406-05:00 DEBUG 20080 --- [           main] org.hibernate.SQL                        : update mascota set cliente_id=?,edad=?,enfermedad=?,estado=?,imagen=?,nombre=?,peso=?,raza=?,tratamiento_id=? where id=?
2024-10-08T02:41:32.407-05:00 DEBUG 20080 --- [           main] org.hibernate.SQL                        : update mascota set cliente_id=?,edad=?,enfermedad=?,estado=?,imagen=?,nombre=?,peso=?,raza=?,tratamiento_id=? where id=?
2024-10-08T02:41:32.407-05:00 DEBUG 20080 --- [           main] org.hibernate.SQL                        : update mascota set cliente_id=?,edad=?,enfermedad=?,estado=?,imagen=?,nombre=?,peso=?,raza=?,tratamiento_id=? where id=?
2024-10-08T02:41:32.407-05:00 DEBUG 20080 --- [           main] org.hibernate.SQL                        : update mascota set cliente_id=?,edad=?,enfermedad=?,estado=?,imagen=?,nombre=?,peso=?,raza=?,tratamiento_id=? where id=?
2024-10-08T02:41:32.407-05:00 DEBUG 20080 --- [           main] org.hibernate.SQL                        : update mascota set cliente_id=?,edad=?,enfermedad=?,estado=?,imagen=?,nombre=?,peso=?,raza=?,tratamiento_id=? where id=?
2024-10-08T02:41:32.408-05:00 DEBUG 20080 --- [           main] org.hibernate.SQL                        : update mascota set cliente_id=?,edad=?,enfermedad=?,estado=?,imagen=?,nombre=?,peso=?,raza=?,tratamiento_id=? where id=?
]]></system-out>
    <system-err><![CDATA[WARNING: A Java agent has been loaded dynamically (C:\Users\quiro\.m2\repository\net\bytebuddy\byte-buddy-agent\1.14.18\byte-buddy-agent-1.14.18.jar)
WARNING: If a serviceability tool is in use, please run with -XX:+EnableDynamicAgentLoading to hide this warning
WARNING: If a serviceability tool is not in use, please run with -Djdk.instrument.traceUsage for more information
WARNING: Dynamic loading of agents will be disallowed by default in a future release
]]></system-err>
  </testcase>
</testsuite>